[2026-07-23T01:34:37.298+0000] {processor.py:161} INFO - Started process (PID=135) to work on /home/airflow/.local/lib/python3.9/site-packages/airflow/example_dags/plugins/decreasing_priority_weight_strategy.py
[2026-07-23T01:34:37.300+0000] {processor.py:830} INFO - Processing file /home/airflow/.local/lib/python3.9/site-packages/airflow/example_dags/plugins/decreasing_priority_weight_strategy.py for tasks to queue
[2026-07-23T01:34:37.303+0000] {logging_mixin.py:188} INFO - [2026-07-23T01:34:37.302+0000] {dagbag.py:545} INFO - Filling up the DagBag from /home/airflow/.local/lib/python3.9/site-packages/airflow/example_dags/plugins/decreasing_priority_weight_strategy.py
[2026-07-23T01:34:37.316+0000] {processor.py:842} WARNING - No viable dags retrieved from /home/airflow/.local/lib/python3.9/site-packages/airflow/example_dags/plugins/decreasing_priority_weight_strategy.py
[2026-07-23T01:34:37.399+0000] {processor.py:183} INFO - Processing /home/airflow/.local/lib/python3.9/site-packages/airflow/example_dags/plugins/decreasing_priority_weight_strategy.py took 0.122 seconds
[2026-07-23T01:35:08.422+0000] {processor.py:161} INFO - Started process (PID=200) to work on /home/airflow/.local/lib/python3.9/site-packages/airflow/example_dags/plugins/decreasing_priority_weight_strategy.py
[2026-07-23T01:35:08.424+0000] {processor.py:830} INFO - Processing file /home/airflow/.local/lib/python3.9/site-packages/airflow/example_dags/plugins/decreasing_priority_weight_strategy.py for tasks to queue
[2026-07-23T01:35:08.428+0000] {logging_mixin.py:188} INFO - [2026-07-23T01:35:08.427+0000] {dagbag.py:545} INFO - Filling up the DagBag from /home/airflow/.local/lib/python3.9/site-packages/airflow/example_dags/plugins/decreasing_priority_weight_strategy.py
[2026-07-23T01:35:08.435+0000] {processor.py:842} WARNING - No viable dags retrieved from /home/airflow/.local/lib/python3.9/site-packages/airflow/example_dags/plugins/decreasing_priority_weight_strategy.py
[2026-07-23T01:35:08.469+0000] {processor.py:183} INFO - Processing /home/airflow/.local/lib/python3.9/site-packages/airflow/example_dags/plugins/decreasing_priority_weight_strategy.py took 0.060 seconds
[2026-07-23T01:35:38.739+0000] {processor.py:161} INFO - Started process (PID=266) to work on /home/airflow/.local/lib/python3.9/site-packages/airflow/example_dags/plugins/decreasing_priority_weight_strategy.py
[2026-07-23T01:35:38.741+0000] {processor.py:830} INFO - Processing file /home/airflow/.local/lib/python3.9/site-packages/airflow/example_dags/plugins/decreasing_priority_weight_strategy.py for tasks to queue
[2026-07-23T01:35:38.744+0000] {logging_mixin.py:188} INFO - [2026-07-23T01:35:38.743+0000] {dagbag.py:545} INFO - Filling up the DagBag from /home/airflow/.local/lib/python3.9/site-packages/airflow/example_dags/plugins/decreasing_priority_weight_strategy.py
[2026-07-23T01:35:38.759+0000] {processor.py:842} WARNING - No viable dags retrieved from /home/airflow/.local/lib/python3.9/site-packages/airflow/example_dags/plugins/decreasing_priority_weight_strategy.py
[2026-07-23T01:35:38.801+0000] {processor.py:183} INFO - Processing /home/airflow/.local/lib/python3.9/site-packages/airflow/example_dags/plugins/decreasing_priority_weight_strategy.py took 0.081 seconds
[2026-07-23T01:36:08.981+0000] {processor.py:161} INFO - Started process (PID=332) to work on /home/airflow/.local/lib/python3.9/site-packages/airflow/example_dags/plugins/decreasing_priority_weight_strategy.py
[2026-07-23T01:36:08.983+0000] {processor.py:830} INFO - Processing file /home/airflow/.local/lib/python3.9/site-packages/airflow/example_dags/plugins/decreasing_priority_weight_strategy.py for tasks to queue
[2026-07-23T01:36:08.986+0000] {logging_mixin.py:188} INFO - [2026-07-23T01:36:08.985+0000] {dagbag.py:545} INFO - Filling up the DagBag from /home/airflow/.local/lib/python3.9/site-packages/airflow/example_dags/plugins/decreasing_priority_weight_strategy.py
[2026-07-23T01:36:08.989+0000] {processor.py:842} WARNING - No viable dags retrieved from /home/airflow/.local/lib/python3.9/site-packages/airflow/example_dags/plugins/decreasing_priority_weight_strategy.py
[2026-07-23T01:36:09.039+0000] {processor.py:183} INFO - Processing /home/airflow/.local/lib/python3.9/site-packages/airflow/example_dags/plugins/decreasing_priority_weight_strategy.py took 0.076 seconds
[2026-07-23T01:36:39.815+0000] {processor.py:161} INFO - Started process (PID=398) to work on /home/airflow/.local/lib/python3.9/site-packages/airflow/example_dags/plugins/decreasing_priority_weight_strategy.py
[2026-07-23T01:36:39.817+0000] {processor.py:830} INFO - Processing file /home/airflow/.local/lib/python3.9/site-packages/airflow/example_dags/plugins/decreasing_priority_weight_strategy.py for tasks to queue
[2026-07-23T01:36:39.819+0000] {logging_mixin.py:188} INFO - [2026-07-23T01:36:39.819+0000] {dagbag.py:545} INFO - Filling up the DagBag from /home/airflow/.local/lib/python3.9/site-packages/airflow/example_dags/plugins/decreasing_priority_weight_strategy.py
[2026-07-23T01:36:39.824+0000] {processor.py:842} WARNING - No viable dags retrieved from /home/airflow/.local/lib/python3.9/site-packages/airflow/example_dags/plugins/decreasing_priority_weight_strategy.py
[2026-07-23T01:36:39.865+0000] {processor.py:183} INFO - Processing /home/airflow/.local/lib/python3.9/site-packages/airflow/example_dags/plugins/decreasing_priority_weight_strategy.py took 0.068 seconds
[2026-07-23T01:37:09.988+0000] {processor.py:161} INFO - Started process (PID=463) to work on /home/airflow/.local/lib/python3.9/site-packages/airflow/example_dags/plugins/decreasing_priority_weight_strategy.py
[2026-07-23T01:37:09.990+0000] {processor.py:830} INFO - Processing file /home/airflow/.local/lib/python3.9/site-packages/airflow/example_dags/plugins/decreasing_priority_weight_strategy.py for tasks to queue
[2026-07-23T01:37:09.993+0000] {logging_mixin.py:188} INFO - [2026-07-23T01:37:09.992+0000] {dagbag.py:545} INFO - Filling up the DagBag from /home/airflow/.local/lib/python3.9/site-packages/airflow/example_dags/plugins/decreasing_priority_weight_strategy.py
[2026-07-23T01:37:09.997+0000] {processor.py:842} WARNING - No viable dags retrieved from /home/airflow/.local/lib/python3.9/site-packages/airflow/example_dags/plugins/decreasing_priority_weight_strategy.py
[2026-07-23T01:37:10.024+0000] {processor.py:183} INFO - Processing /home/airflow/.local/lib/python3.9/site-packages/airflow/example_dags/plugins/decreasing_priority_weight_strategy.py took 0.046 seconds
[2026-07-23T01:37:40.777+0000] {processor.py:161} INFO - Started process (PID=530) to work on /home/airflow/.local/lib/python3.9/site-packages/airflow/example_dags/plugins/decreasing_priority_weight_strategy.py
[2026-07-23T01:37:40.779+0000] {processor.py:830} INFO - Processing file /home/airflow/.local/lib/python3.9/site-packages/airflow/example_dags/plugins/decreasing_priority_weight_strategy.py for tasks to queue
[2026-07-23T01:37:40.782+0000] {logging_mixin.py:188} INFO - [2026-07-23T01:37:40.781+0000] {dagbag.py:545} INFO - Filling up the DagBag from /home/airflow/.local/lib/python3.9/site-packages/airflow/example_dags/plugins/decreasing_priority_weight_strategy.py
[2026-07-23T01:37:40.795+0000] {processor.py:842} WARNING - No viable dags retrieved from /home/airflow/.local/lib/python3.9/site-packages/airflow/example_dags/plugins/decreasing_priority_weight_strategy.py
[2026-07-23T01:37:40.855+0000] {processor.py:183} INFO - Processing /home/airflow/.local/lib/python3.9/site-packages/airflow/example_dags/plugins/decreasing_priority_weight_strategy.py took 0.115 seconds
[2026-07-23T01:38:11.828+0000] {processor.py:161} INFO - Started process (PID=596) to work on /home/airflow/.local/lib/python3.9/site-packages/airflow/example_dags/plugins/decreasing_priority_weight_strategy.py
[2026-07-23T01:38:11.837+0000] {processor.py:830} INFO - Processing file /home/airflow/.local/lib/python3.9/site-packages/airflow/example_dags/plugins/decreasing_priority_weight_strategy.py for tasks to queue
[2026-07-23T01:38:11.840+0000] {logging_mixin.py:188} INFO - [2026-07-23T01:38:11.839+0000] {dagbag.py:545} INFO - Filling up the DagBag from /home/airflow/.local/lib/python3.9/site-packages/airflow/example_dags/plugins/decreasing_priority_weight_strategy.py
[2026-07-23T01:38:11.843+0000] {processor.py:842} WARNING - No viable dags retrieved from /home/airflow/.local/lib/python3.9/site-packages/airflow/example_dags/plugins/decreasing_priority_weight_strategy.py
[2026-07-23T01:38:11.899+0000] {processor.py:183} INFO - Processing /home/airflow/.local/lib/python3.9/site-packages/airflow/example_dags/plugins/decreasing_priority_weight_strategy.py took 0.083 seconds
[2026-07-23T01:38:42.242+0000] {processor.py:161} INFO - Started process (PID=662) to work on /home/airflow/.local/lib/python3.9/site-packages/airflow/example_dags/plugins/decreasing_priority_weight_strategy.py
[2026-07-23T01:38:42.243+0000] {processor.py:830} INFO - Processing file /home/airflow/.local/lib/python3.9/site-packages/airflow/example_dags/plugins/decreasing_priority_weight_strategy.py for tasks to queue
[2026-07-23T01:38:42.246+0000] {logging_mixin.py:188} INFO - [2026-07-23T01:38:42.246+0000] {dagbag.py:545} INFO - Filling up the DagBag from /home/airflow/.local/lib/python3.9/site-packages/airflow/example_dags/plugins/decreasing_priority_weight_strategy.py
[2026-07-23T01:38:42.258+0000] {processor.py:842} WARNING - No viable dags retrieved from /home/airflow/.local/lib/python3.9/site-packages/airflow/example_dags/plugins/decreasing_priority_weight_strategy.py
[2026-07-23T01:38:42.290+0000] {processor.py:183} INFO - Processing /home/airflow/.local/lib/python3.9/site-packages/airflow/example_dags/plugins/decreasing_priority_weight_strategy.py took 0.069 seconds
[2026-07-23T01:39:12.560+0000] {processor.py:161} INFO - Started process (PID=728) to work on /home/airflow/.local/lib/python3.9/site-packages/airflow/example_dags/plugins/decreasing_priority_weight_strategy.py
[2026-07-23T01:39:12.561+0000] {processor.py:830} INFO - Processing file /home/airflow/.local/lib/python3.9/site-packages/airflow/example_dags/plugins/decreasing_priority_weight_strategy.py for tasks to queue
[2026-07-23T01:39:12.564+0000] {logging_mixin.py:188} INFO - [2026-07-23T01:39:12.564+0000] {dagbag.py:545} INFO - Filling up the DagBag from /home/airflow/.local/lib/python3.9/site-packages/airflow/example_dags/plugins/decreasing_priority_weight_strategy.py
[2026-07-23T01:39:12.568+0000] {processor.py:842} WARNING - No viable dags retrieved from /home/airflow/.local/lib/python3.9/site-packages/airflow/example_dags/plugins/decreasing_priority_weight_strategy.py
[2026-07-23T01:39:12.593+0000] {processor.py:183} INFO - Processing /home/airflow/.local/lib/python3.9/site-packages/airflow/example_dags/plugins/decreasing_priority_weight_strategy.py took 0.045 seconds
[2026-07-23T01:39:43.459+0000] {processor.py:161} INFO - Started process (PID=801) to work on /home/airflow/.local/lib/python3.9/site-packages/airflow/example_dags/plugins/decreasing_priority_weight_strategy.py
[2026-07-23T01:39:43.461+0000] {processor.py:830} INFO - Processing file /home/airflow/.local/lib/python3.9/site-packages/airflow/example_dags/plugins/decreasing_priority_weight_strategy.py for tasks to queue
[2026-07-23T01:39:43.463+0000] {logging_mixin.py:188} INFO - [2026-07-23T01:39:43.463+0000] {dagbag.py:545} INFO - Filling up the DagBag from /home/airflow/.local/lib/python3.9/site-packages/airflow/example_dags/plugins/decreasing_priority_weight_strategy.py
[2026-07-23T01:39:43.467+0000] {processor.py:842} WARNING - No viable dags retrieved from /home/airflow/.local/lib/python3.9/site-packages/airflow/example_dags/plugins/decreasing_priority_weight_strategy.py
[2026-07-23T01:39:43.524+0000] {processor.py:183} INFO - Processing /home/airflow/.local/lib/python3.9/site-packages/airflow/example_dags/plugins/decreasing_priority_weight_strategy.py took 0.083 seconds
[2026-07-23T01:40:14.040+0000] {processor.py:161} INFO - Started process (PID=867) to work on /home/airflow/.local/lib/python3.9/site-packages/airflow/example_dags/plugins/decreasing_priority_weight_strategy.py
[2026-07-23T01:40:14.041+0000] {processor.py:830} INFO - Processing file /home/airflow/.local/lib/python3.9/site-packages/airflow/example_dags/plugins/decreasing_priority_weight_strategy.py for tasks to queue
[2026-07-23T01:40:14.044+0000] {logging_mixin.py:188} INFO - [2026-07-23T01:40:14.044+0000] {dagbag.py:545} INFO - Filling up the DagBag from /home/airflow/.local/lib/python3.9/site-packages/airflow/example_dags/plugins/decreasing_priority_weight_strategy.py
[2026-07-23T01:40:14.048+0000] {processor.py:842} WARNING - No viable dags retrieved from /home/airflow/.local/lib/python3.9/site-packages/airflow/example_dags/plugins/decreasing_priority_weight_strategy.py
[2026-07-23T01:40:14.095+0000] {processor.py:183} INFO - Processing /home/airflow/.local/lib/python3.9/site-packages/airflow/example_dags/plugins/decreasing_priority_weight_strategy.py took 0.075 seconds
[2026-07-23T01:40:44.424+0000] {processor.py:161} INFO - Started process (PID=933) to work on /home/airflow/.local/lib/python3.9/site-packages/airflow/example_dags/plugins/decreasing_priority_weight_strategy.py
[2026-07-23T01:40:44.426+0000] {processor.py:830} INFO - Processing file /home/airflow/.local/lib/python3.9/site-packages/airflow/example_dags/plugins/decreasing_priority_weight_strategy.py for tasks to queue
[2026-07-23T01:40:44.429+0000] {logging_mixin.py:188} INFO - [2026-07-23T01:40:44.428+0000] {dagbag.py:545} INFO - Filling up the DagBag from /home/airflow/.local/lib/python3.9/site-packages/airflow/example_dags/plugins/decreasing_priority_weight_strategy.py
[2026-07-23T01:40:44.435+0000] {processor.py:842} WARNING - No viable dags retrieved from /home/airflow/.local/lib/python3.9/site-packages/airflow/example_dags/plugins/decreasing_priority_weight_strategy.py
[2026-07-23T01:40:44.463+0000] {processor.py:183} INFO - Processing /home/airflow/.local/lib/python3.9/site-packages/airflow/example_dags/plugins/decreasing_priority_weight_strategy.py took 0.049 seconds
[2026-07-23T01:41:14.823+0000] {processor.py:161} INFO - Started process (PID=999) to work on /home/airflow/.local/lib/python3.9/site-packages/airflow/example_dags/plugins/decreasing_priority_weight_strategy.py
[2026-07-23T01:41:14.824+0000] {processor.py:830} INFO - Processing file /home/airflow/.local/lib/python3.9/site-packages/airflow/example_dags/plugins/decreasing_priority_weight_strategy.py for tasks to queue
[2026-07-23T01:41:14.827+0000] {logging_mixin.py:188} INFO - [2026-07-23T01:41:14.827+0000] {dagbag.py:545} INFO - Filling up the DagBag from /home/airflow/.local/lib/python3.9/site-packages/airflow/example_dags/plugins/decreasing_priority_weight_strategy.py
[2026-07-23T01:41:14.831+0000] {processor.py:842} WARNING - No viable dags retrieved from /home/airflow/.local/lib/python3.9/site-packages/airflow/example_dags/plugins/decreasing_priority_weight_strategy.py
[2026-07-23T01:41:14.861+0000] {processor.py:183} INFO - Processing /home/airflow/.local/lib/python3.9/site-packages/airflow/example_dags/plugins/decreasing_priority_weight_strategy.py took 0.048 seconds
[2026-07-23T01:41:45.735+0000] {processor.py:161} INFO - Started process (PID=1065) to work on /home/airflow/.local/lib/python3.9/site-packages/airflow/example_dags/plugins/decreasing_priority_weight_strategy.py
[2026-07-23T01:41:45.737+0000] {processor.py:830} INFO - Processing file /home/airflow/.local/lib/python3.9/site-packages/airflow/example_dags/plugins/decreasing_priority_weight_strategy.py for tasks to queue
[2026-07-23T01:41:45.740+0000] {logging_mixin.py:188} INFO - [2026-07-23T01:41:45.740+0000] {dagbag.py:545} INFO - Filling up the DagBag from /home/airflow/.local/lib/python3.9/site-packages/airflow/example_dags/plugins/decreasing_priority_weight_strategy.py
[2026-07-23T01:41:45.744+0000] {processor.py:842} WARNING - No viable dags retrieved from /home/airflow/.local/lib/python3.9/site-packages/airflow/example_dags/plugins/decreasing_priority_weight_strategy.py
[2026-07-23T01:41:45.796+0000] {processor.py:183} INFO - Processing /home/airflow/.local/lib/python3.9/site-packages/airflow/example_dags/plugins/decreasing_priority_weight_strategy.py took 0.074 seconds
[2026-07-23T01:42:16.345+0000] {processor.py:161} INFO - Started process (PID=1138) to work on /home/airflow/.local/lib/python3.9/site-packages/airflow/example_dags/plugins/decreasing_priority_weight_strategy.py
[2026-07-23T01:42:16.355+0000] {processor.py:830} INFO - Processing file /home/airflow/.local/lib/python3.9/site-packages/airflow/example_dags/plugins/decreasing_priority_weight_strategy.py for tasks to queue
[2026-07-23T01:42:16.358+0000] {logging_mixin.py:188} INFO - [2026-07-23T01:42:16.357+0000] {dagbag.py:545} INFO - Filling up the DagBag from /home/airflow/.local/lib/python3.9/site-packages/airflow/example_dags/plugins/decreasing_priority_weight_strategy.py
[2026-07-23T01:42:16.361+0000] {processor.py:842} WARNING - No viable dags retrieved from /home/airflow/.local/lib/python3.9/site-packages/airflow/example_dags/plugins/decreasing_priority_weight_strategy.py
[2026-07-23T01:42:16.406+0000] {processor.py:183} INFO - Processing /home/airflow/.local/lib/python3.9/site-packages/airflow/example_dags/plugins/decreasing_priority_weight_strategy.py took 0.080 seconds
[2026-07-23T01:42:46.825+0000] {processor.py:161} INFO - Started process (PID=1204) to work on /home/airflow/.local/lib/python3.9/site-packages/airflow/example_dags/plugins/decreasing_priority_weight_strategy.py
[2026-07-23T01:42:46.836+0000] {processor.py:830} INFO - Processing file /home/airflow/.local/lib/python3.9/site-packages/airflow/example_dags/plugins/decreasing_priority_weight_strategy.py for tasks to queue
[2026-07-23T01:42:46.840+0000] {logging_mixin.py:188} INFO - [2026-07-23T01:42:46.839+0000] {dagbag.py:545} INFO - Filling up the DagBag from /home/airflow/.local/lib/python3.9/site-packages/airflow/example_dags/plugins/decreasing_priority_weight_strategy.py
[2026-07-23T01:42:46.844+0000] {processor.py:842} WARNING - No viable dags retrieved from /home/airflow/.local/lib/python3.9/site-packages/airflow/example_dags/plugins/decreasing_priority_weight_strategy.py
[2026-07-23T01:42:46.900+0000] {processor.py:183} INFO - Processing /home/airflow/.local/lib/python3.9/site-packages/airflow/example_dags/plugins/decreasing_priority_weight_strategy.py took 0.100 seconds
[2026-07-23T01:43:17.760+0000] {processor.py:161} INFO - Started process (PID=1263) to work on /home/airflow/.local/lib/python3.9/site-packages/airflow/example_dags/plugins/decreasing_priority_weight_strategy.py
[2026-07-23T01:43:17.762+0000] {processor.py:830} INFO - Processing file /home/airflow/.local/lib/python3.9/site-packages/airflow/example_dags/plugins/decreasing_priority_weight_strategy.py for tasks to queue
[2026-07-23T01:43:17.764+0000] {logging_mixin.py:188} INFO - [2026-07-23T01:43:17.764+0000] {dagbag.py:545} INFO - Filling up the DagBag from /home/airflow/.local/lib/python3.9/site-packages/airflow/example_dags/plugins/decreasing_priority_weight_strategy.py
[2026-07-23T01:43:17.768+0000] {processor.py:842} WARNING - No viable dags retrieved from /home/airflow/.local/lib/python3.9/site-packages/airflow/example_dags/plugins/decreasing_priority_weight_strategy.py
[2026-07-23T01:43:17.803+0000] {processor.py:183} INFO - Processing /home/airflow/.local/lib/python3.9/site-packages/airflow/example_dags/plugins/decreasing_priority_weight_strategy.py took 0.054 seconds
[2026-07-23T01:43:48.859+0000] {processor.py:161} INFO - Started process (PID=1336) to work on /home/airflow/.local/lib/python3.9/site-packages/airflow/example_dags/plugins/decreasing_priority_weight_strategy.py
[2026-07-23T01:43:48.860+0000] {processor.py:830} INFO - Processing file /home/airflow/.local/lib/python3.9/site-packages/airflow/example_dags/plugins/decreasing_priority_weight_strategy.py for tasks to queue
[2026-07-23T01:43:48.863+0000] {logging_mixin.py:188} INFO - [2026-07-23T01:43:48.863+0000] {dagbag.py:545} INFO - Filling up the DagBag from /home/airflow/.local/lib/python3.9/site-packages/airflow/example_dags/plugins/decreasing_priority_weight_strategy.py
[2026-07-23T01:43:48.877+0000] {processor.py:842} WARNING - No viable dags retrieved from /home/airflow/.local/lib/python3.9/site-packages/airflow/example_dags/plugins/decreasing_priority_weight_strategy.py
[2026-07-23T01:43:48.935+0000] {processor.py:183} INFO - Processing /home/airflow/.local/lib/python3.9/site-packages/airflow/example_dags/plugins/decreasing_priority_weight_strategy.py took 0.115 seconds
[2026-07-23T01:44:19.264+0000] {processor.py:161} INFO - Started process (PID=1405) to work on /home/airflow/.local/lib/python3.9/site-packages/airflow/example_dags/plugins/decreasing_priority_weight_strategy.py
[2026-07-23T01:44:19.276+0000] {processor.py:830} INFO - Processing file /home/airflow/.local/lib/python3.9/site-packages/airflow/example_dags/plugins/decreasing_priority_weight_strategy.py for tasks to queue
[2026-07-23T01:44:19.279+0000] {logging_mixin.py:188} INFO - [2026-07-23T01:44:19.279+0000] {dagbag.py:545} INFO - Filling up the DagBag from /home/airflow/.local/lib/python3.9/site-packages/airflow/example_dags/plugins/decreasing_priority_weight_strategy.py
[2026-07-23T01:44:19.297+0000] {processor.py:842} WARNING - No viable dags retrieved from /home/airflow/.local/lib/python3.9/site-packages/airflow/example_dags/plugins/decreasing_priority_weight_strategy.py
[2026-07-23T01:44:19.361+0000] {processor.py:183} INFO - Processing /home/airflow/.local/lib/python3.9/site-packages/airflow/example_dags/plugins/decreasing_priority_weight_strategy.py took 0.119 seconds
[2026-07-23T01:44:50.177+0000] {processor.py:161} INFO - Started process (PID=1474) to work on /home/airflow/.local/lib/python3.9/site-packages/airflow/example_dags/plugins/decreasing_priority_weight_strategy.py
[2026-07-23T01:44:50.179+0000] {processor.py:830} INFO - Processing file /home/airflow/.local/lib/python3.9/site-packages/airflow/example_dags/plugins/decreasing_priority_weight_strategy.py for tasks to queue
[2026-07-23T01:44:50.182+0000] {logging_mixin.py:188} INFO - [2026-07-23T01:44:50.182+0000] {dagbag.py:545} INFO - Filling up the DagBag from /home/airflow/.local/lib/python3.9/site-packages/airflow/example_dags/plugins/decreasing_priority_weight_strategy.py
[2026-07-23T01:44:50.195+0000] {processor.py:842} WARNING - No viable dags retrieved from /home/airflow/.local/lib/python3.9/site-packages/airflow/example_dags/plugins/decreasing_priority_weight_strategy.py
[2026-07-23T01:44:50.262+0000] {processor.py:183} INFO - Processing /home/airflow/.local/lib/python3.9/site-packages/airflow/example_dags/plugins/decreasing_priority_weight_strategy.py took 0.105 seconds
[2026-07-23T01:45:20.377+0000] {processor.py:161} INFO - Started process (PID=1534) to work on /home/airflow/.local/lib/python3.9/site-packages/airflow/example_dags/plugins/decreasing_priority_weight_strategy.py
[2026-07-23T01:45:20.379+0000] {processor.py:830} INFO - Processing file /home/airflow/.local/lib/python3.9/site-packages/airflow/example_dags/plugins/decreasing_priority_weight_strategy.py for tasks to queue
[2026-07-23T01:45:20.383+0000] {logging_mixin.py:188} INFO - [2026-07-23T01:45:20.382+0000] {dagbag.py:545} INFO - Filling up the DagBag from /home/airflow/.local/lib/python3.9/site-packages/airflow/example_dags/plugins/decreasing_priority_weight_strategy.py
[2026-07-23T01:45:20.387+0000] {processor.py:842} WARNING - No viable dags retrieved from /home/airflow/.local/lib/python3.9/site-packages/airflow/example_dags/plugins/decreasing_priority_weight_strategy.py
[2026-07-23T01:45:20.415+0000] {processor.py:183} INFO - Processing /home/airflow/.local/lib/python3.9/site-packages/airflow/example_dags/plugins/decreasing_priority_weight_strategy.py took 0.053 seconds
[2026-07-23T01:45:51.015+0000] {processor.py:161} INFO - Started process (PID=1601) to work on /home/airflow/.local/lib/python3.9/site-packages/airflow/example_dags/plugins/decreasing_priority_weight_strategy.py
[2026-07-23T01:45:51.016+0000] {processor.py:830} INFO - Processing file /home/airflow/.local/lib/python3.9/site-packages/airflow/example_dags/plugins/decreasing_priority_weight_strategy.py for tasks to queue
[2026-07-23T01:45:51.019+0000] {logging_mixin.py:188} INFO - [2026-07-23T01:45:51.019+0000] {dagbag.py:545} INFO - Filling up the DagBag from /home/airflow/.local/lib/python3.9/site-packages/airflow/example_dags/plugins/decreasing_priority_weight_strategy.py
[2026-07-23T01:45:51.023+0000] {processor.py:842} WARNING - No viable dags retrieved from /home/airflow/.local/lib/python3.9/site-packages/airflow/example_dags/plugins/decreasing_priority_weight_strategy.py
[2026-07-23T01:45:51.048+0000] {processor.py:183} INFO - Processing /home/airflow/.local/lib/python3.9/site-packages/airflow/example_dags/plugins/decreasing_priority_weight_strategy.py took 0.044 seconds
[2026-07-23T01:46:21.744+0000] {processor.py:161} INFO - Started process (PID=1672) to work on /home/airflow/.local/lib/python3.9/site-packages/airflow/example_dags/plugins/decreasing_priority_weight_strategy.py
[2026-07-23T01:46:21.756+0000] {processor.py:830} INFO - Processing file /home/airflow/.local/lib/python3.9/site-packages/airflow/example_dags/plugins/decreasing_priority_weight_strategy.py for tasks to queue
[2026-07-23T01:46:21.760+0000] {logging_mixin.py:188} INFO - [2026-07-23T01:46:21.759+0000] {dagbag.py:545} INFO - Filling up the DagBag from /home/airflow/.local/lib/python3.9/site-packages/airflow/example_dags/plugins/decreasing_priority_weight_strategy.py
[2026-07-23T01:46:21.764+0000] {processor.py:842} WARNING - No viable dags retrieved from /home/airflow/.local/lib/python3.9/site-packages/airflow/example_dags/plugins/decreasing_priority_weight_strategy.py
[2026-07-23T01:46:21.843+0000] {processor.py:183} INFO - Processing /home/airflow/.local/lib/python3.9/site-packages/airflow/example_dags/plugins/decreasing_priority_weight_strategy.py took 0.122 seconds
[2026-07-23T01:46:52.597+0000] {processor.py:161} INFO - Started process (PID=1740) to work on /home/airflow/.local/lib/python3.9/site-packages/airflow/example_dags/plugins/decreasing_priority_weight_strategy.py
[2026-07-23T01:46:52.598+0000] {processor.py:830} INFO - Processing file /home/airflow/.local/lib/python3.9/site-packages/airflow/example_dags/plugins/decreasing_priority_weight_strategy.py for tasks to queue
[2026-07-23T01:46:52.601+0000] {logging_mixin.py:188} INFO - [2026-07-23T01:46:52.601+0000] {dagbag.py:545} INFO - Filling up the DagBag from /home/airflow/.local/lib/python3.9/site-packages/airflow/example_dags/plugins/decreasing_priority_weight_strategy.py
[2026-07-23T01:46:52.615+0000] {processor.py:842} WARNING - No viable dags retrieved from /home/airflow/.local/lib/python3.9/site-packages/airflow/example_dags/plugins/decreasing_priority_weight_strategy.py
[2026-07-23T01:46:52.689+0000] {processor.py:183} INFO - Processing /home/airflow/.local/lib/python3.9/site-packages/airflow/example_dags/plugins/decreasing_priority_weight_strategy.py took 0.113 seconds
[2026-07-23T01:47:23.321+0000] {processor.py:161} INFO - Started process (PID=1815) to work on /home/airflow/.local/lib/python3.9/site-packages/airflow/example_dags/plugins/decreasing_priority_weight_strategy.py
[2026-07-23T01:47:23.322+0000] {processor.py:830} INFO - Processing file /home/airflow/.local/lib/python3.9/site-packages/airflow/example_dags/plugins/decreasing_priority_weight_strategy.py for tasks to queue
[2026-07-23T01:47:23.325+0000] {logging_mixin.py:188} INFO - [2026-07-23T01:47:23.324+0000] {dagbag.py:545} INFO - Filling up the DagBag from /home/airflow/.local/lib/python3.9/site-packages/airflow/example_dags/plugins/decreasing_priority_weight_strategy.py
[2026-07-23T01:47:23.328+0000] {processor.py:842} WARNING - No viable dags retrieved from /home/airflow/.local/lib/python3.9/site-packages/airflow/example_dags/plugins/decreasing_priority_weight_strategy.py
[2026-07-23T01:47:23.381+0000] {processor.py:183} INFO - Processing /home/airflow/.local/lib/python3.9/site-packages/airflow/example_dags/plugins/decreasing_priority_weight_strategy.py took 0.076 seconds
[2026-07-23T01:47:53.777+0000] {processor.py:161} INFO - Started process (PID=1885) to work on /home/airflow/.local/lib/python3.9/site-packages/airflow/example_dags/plugins/decreasing_priority_weight_strategy.py
[2026-07-23T01:47:53.779+0000] {processor.py:830} INFO - Processing file /home/airflow/.local/lib/python3.9/site-packages/airflow/example_dags/plugins/decreasing_priority_weight_strategy.py for tasks to queue
[2026-07-23T01:47:53.782+0000] {logging_mixin.py:188} INFO - [2026-07-23T01:47:53.781+0000] {dagbag.py:545} INFO - Filling up the DagBag from /home/airflow/.local/lib/python3.9/site-packages/airflow/example_dags/plugins/decreasing_priority_weight_strategy.py
[2026-07-23T01:47:53.785+0000] {processor.py:842} WARNING - No viable dags retrieved from /home/airflow/.local/lib/python3.9/site-packages/airflow/example_dags/plugins/decreasing_priority_weight_strategy.py
[2026-07-23T01:47:53.818+0000] {processor.py:183} INFO - Processing /home/airflow/.local/lib/python3.9/site-packages/airflow/example_dags/plugins/decreasing_priority_weight_strategy.py took 0.055 seconds
[2026-07-23T01:48:24.160+0000] {processor.py:161} INFO - Started process (PID=1952) to work on /home/airflow/.local/lib/python3.9/site-packages/airflow/example_dags/plugins/decreasing_priority_weight_strategy.py
[2026-07-23T01:48:24.162+0000] {processor.py:830} INFO - Processing file /home/airflow/.local/lib/python3.9/site-packages/airflow/example_dags/plugins/decreasing_priority_weight_strategy.py for tasks to queue
[2026-07-23T01:48:24.165+0000] {logging_mixin.py:188} INFO - [2026-07-23T01:48:24.165+0000] {dagbag.py:545} INFO - Filling up the DagBag from /home/airflow/.local/lib/python3.9/site-packages/airflow/example_dags/plugins/decreasing_priority_weight_strategy.py
[2026-07-23T01:48:24.169+0000] {processor.py:842} WARNING - No viable dags retrieved from /home/airflow/.local/lib/python3.9/site-packages/airflow/example_dags/plugins/decreasing_priority_weight_strategy.py
[2026-07-23T01:48:24.207+0000] {processor.py:183} INFO - Processing /home/airflow/.local/lib/python3.9/site-packages/airflow/example_dags/plugins/decreasing_priority_weight_strategy.py took 0.057 seconds
[2026-07-23T01:48:54.940+0000] {processor.py:161} INFO - Started process (PID=2022) to work on /home/airflow/.local/lib/python3.9/site-packages/airflow/example_dags/plugins/decreasing_priority_weight_strategy.py
[2026-07-23T01:48:54.942+0000] {processor.py:830} INFO - Processing file /home/airflow/.local/lib/python3.9/site-packages/airflow/example_dags/plugins/decreasing_priority_weight_strategy.py for tasks to queue
[2026-07-23T01:48:54.958+0000] {logging_mixin.py:188} INFO - [2026-07-23T01:48:54.958+0000] {dagbag.py:545} INFO - Filling up the DagBag from /home/airflow/.local/lib/python3.9/site-packages/airflow/example_dags/plugins/decreasing_priority_weight_strategy.py
[2026-07-23T01:48:54.963+0000] {processor.py:842} WARNING - No viable dags retrieved from /home/airflow/.local/lib/python3.9/site-packages/airflow/example_dags/plugins/decreasing_priority_weight_strategy.py
[2026-07-23T01:48:55.039+0000] {processor.py:183} INFO - Processing /home/airflow/.local/lib/python3.9/site-packages/airflow/example_dags/plugins/decreasing_priority_weight_strategy.py took 0.124 seconds
[2026-07-23T01:49:25.567+0000] {processor.py:161} INFO - Started process (PID=2091) to work on /home/airflow/.local/lib/python3.9/site-packages/airflow/example_dags/plugins/decreasing_priority_weight_strategy.py
[2026-07-23T01:49:25.569+0000] {processor.py:830} INFO - Processing file /home/airflow/.local/lib/python3.9/site-packages/airflow/example_dags/plugins/decreasing_priority_weight_strategy.py for tasks to queue
[2026-07-23T01:49:25.572+0000] {logging_mixin.py:188} INFO - [2026-07-23T01:49:25.572+0000] {dagbag.py:545} INFO - Filling up the DagBag from /home/airflow/.local/lib/python3.9/site-packages/airflow/example_dags/plugins/decreasing_priority_weight_strategy.py
[2026-07-23T01:49:25.577+0000] {processor.py:842} WARNING - No viable dags retrieved from /home/airflow/.local/lib/python3.9/site-packages/airflow/example_dags/plugins/decreasing_priority_weight_strategy.py
[2026-07-23T01:49:25.605+0000] {processor.py:183} INFO - Processing /home/airflow/.local/lib/python3.9/site-packages/airflow/example_dags/plugins/decreasing_priority_weight_strategy.py took 0.048 seconds
[2026-07-23T01:49:55.742+0000] {processor.py:161} INFO - Started process (PID=2161) to work on /home/airflow/.local/lib/python3.9/site-packages/airflow/example_dags/plugins/decreasing_priority_weight_strategy.py
[2026-07-23T01:49:55.745+0000] {processor.py:830} INFO - Processing file /home/airflow/.local/lib/python3.9/site-packages/airflow/example_dags/plugins/decreasing_priority_weight_strategy.py for tasks to queue
[2026-07-23T01:49:55.748+0000] {logging_mixin.py:188} INFO - [2026-07-23T01:49:55.748+0000] {dagbag.py:545} INFO - Filling up the DagBag from /home/airflow/.local/lib/python3.9/site-packages/airflow/example_dags/plugins/decreasing_priority_weight_strategy.py
[2026-07-23T01:49:55.752+0000] {processor.py:842} WARNING - No viable dags retrieved from /home/airflow/.local/lib/python3.9/site-packages/airflow/example_dags/plugins/decreasing_priority_weight_strategy.py
[2026-07-23T01:49:55.783+0000] {processor.py:183} INFO - Processing /home/airflow/.local/lib/python3.9/site-packages/airflow/example_dags/plugins/decreasing_priority_weight_strategy.py took 0.052 seconds
[2026-07-23T01:50:26.079+0000] {processor.py:161} INFO - Started process (PID=2231) to work on /home/airflow/.local/lib/python3.9/site-packages/airflow/example_dags/plugins/decreasing_priority_weight_strategy.py
[2026-07-23T01:50:26.081+0000] {processor.py:830} INFO - Processing file /home/airflow/.local/lib/python3.9/site-packages/airflow/example_dags/plugins/decreasing_priority_weight_strategy.py for tasks to queue
[2026-07-23T01:50:26.083+0000] {logging_mixin.py:188} INFO - [2026-07-23T01:50:26.083+0000] {dagbag.py:545} INFO - Filling up the DagBag from /home/airflow/.local/lib/python3.9/site-packages/airflow/example_dags/plugins/decreasing_priority_weight_strategy.py
[2026-07-23T01:50:26.087+0000] {processor.py:842} WARNING - No viable dags retrieved from /home/airflow/.local/lib/python3.9/site-packages/airflow/example_dags/plugins/decreasing_priority_weight_strategy.py
[2026-07-23T01:50:26.112+0000] {processor.py:183} INFO - Processing /home/airflow/.local/lib/python3.9/site-packages/airflow/example_dags/plugins/decreasing_priority_weight_strategy.py took 0.045 seconds
[2026-07-23T01:50:58.241+0000] {processor.py:161} INFO - Started process (PID=2311) to work on /home/airflow/.local/lib/python3.9/site-packages/airflow/example_dags/plugins/decreasing_priority_weight_strategy.py
[2026-07-23T01:50:58.243+0000] {processor.py:830} INFO - Processing file /home/airflow/.local/lib/python3.9/site-packages/airflow/example_dags/plugins/decreasing_priority_weight_strategy.py for tasks to queue
[2026-07-23T01:50:58.246+0000] {logging_mixin.py:188} INFO - [2026-07-23T01:50:58.245+0000] {dagbag.py:545} INFO - Filling up the DagBag from /home/airflow/.local/lib/python3.9/site-packages/airflow/example_dags/plugins/decreasing_priority_weight_strategy.py
[2026-07-23T01:50:58.249+0000] {processor.py:842} WARNING - No viable dags retrieved from /home/airflow/.local/lib/python3.9/site-packages/airflow/example_dags/plugins/decreasing_priority_weight_strategy.py
[2026-07-23T01:50:58.297+0000] {processor.py:183} INFO - Processing /home/airflow/.local/lib/python3.9/site-packages/airflow/example_dags/plugins/decreasing_priority_weight_strategy.py took 0.076 seconds
[2026-07-23T01:51:28.817+0000] {processor.py:161} INFO - Started process (PID=2382) to work on /home/airflow/.local/lib/python3.9/site-packages/airflow/example_dags/plugins/decreasing_priority_weight_strategy.py
[2026-07-23T01:51:28.818+0000] {processor.py:830} INFO - Processing file /home/airflow/.local/lib/python3.9/site-packages/airflow/example_dags/plugins/decreasing_priority_weight_strategy.py for tasks to queue
[2026-07-23T01:51:28.821+0000] {logging_mixin.py:188} INFO - [2026-07-23T01:51:28.821+0000] {dagbag.py:545} INFO - Filling up the DagBag from /home/airflow/.local/lib/python3.9/site-packages/airflow/example_dags/plugins/decreasing_priority_weight_strategy.py
[2026-07-23T01:51:28.824+0000] {processor.py:842} WARNING - No viable dags retrieved from /home/airflow/.local/lib/python3.9/site-packages/airflow/example_dags/plugins/decreasing_priority_weight_strategy.py
[2026-07-23T01:51:28.868+0000] {processor.py:183} INFO - Processing /home/airflow/.local/lib/python3.9/site-packages/airflow/example_dags/plugins/decreasing_priority_weight_strategy.py took 0.067 seconds
[2026-07-23T01:51:59.825+0000] {processor.py:161} INFO - Started process (PID=2449) to work on /home/airflow/.local/lib/python3.9/site-packages/airflow/example_dags/plugins/decreasing_priority_weight_strategy.py
[2026-07-23T01:51:59.826+0000] {processor.py:830} INFO - Processing file /home/airflow/.local/lib/python3.9/site-packages/airflow/example_dags/plugins/decreasing_priority_weight_strategy.py for tasks to queue
[2026-07-23T01:51:59.836+0000] {logging_mixin.py:188} INFO - [2026-07-23T01:51:59.835+0000] {dagbag.py:545} INFO - Filling up the DagBag from /home/airflow/.local/lib/python3.9/site-packages/airflow/example_dags/plugins/decreasing_priority_weight_strategy.py
[2026-07-23T01:51:59.840+0000] {processor.py:842} WARNING - No viable dags retrieved from /home/airflow/.local/lib/python3.9/site-packages/airflow/example_dags/plugins/decreasing_priority_weight_strategy.py
[2026-07-23T01:51:59.901+0000] {processor.py:183} INFO - Processing /home/airflow/.local/lib/python3.9/site-packages/airflow/example_dags/plugins/decreasing_priority_weight_strategy.py took 0.096 seconds
[2026-07-23T01:52:30.071+0000] {processor.py:161} INFO - Started process (PID=2516) to work on /home/airflow/.local/lib/python3.9/site-packages/airflow/example_dags/plugins/decreasing_priority_weight_strategy.py
[2026-07-23T01:52:30.076+0000] {processor.py:830} INFO - Processing file /home/airflow/.local/lib/python3.9/site-packages/airflow/example_dags/plugins/decreasing_priority_weight_strategy.py for tasks to queue
[2026-07-23T01:52:30.079+0000] {logging_mixin.py:188} INFO - [2026-07-23T01:52:30.078+0000] {dagbag.py:545} INFO - Filling up the DagBag from /home/airflow/.local/lib/python3.9/site-packages/airflow/example_dags/plugins/decreasing_priority_weight_strategy.py
[2026-07-23T01:52:30.082+0000] {processor.py:842} WARNING - No viable dags retrieved from /home/airflow/.local/lib/python3.9/site-packages/airflow/example_dags/plugins/decreasing_priority_weight_strategy.py
[2026-07-23T01:52:30.112+0000] {processor.py:183} INFO - Processing /home/airflow/.local/lib/python3.9/site-packages/airflow/example_dags/plugins/decreasing_priority_weight_strategy.py took 0.051 seconds
[2026-07-23T01:53:01.071+0000] {processor.py:161} INFO - Started process (PID=2583) to work on /home/airflow/.local/lib/python3.9/site-packages/airflow/example_dags/plugins/decreasing_priority_weight_strategy.py
[2026-07-23T01:53:01.076+0000] {processor.py:830} INFO - Processing file /home/airflow/.local/lib/python3.9/site-packages/airflow/example_dags/plugins/decreasing_priority_weight_strategy.py for tasks to queue
[2026-07-23T01:53:01.079+0000] {logging_mixin.py:188} INFO - [2026-07-23T01:53:01.078+0000] {dagbag.py:545} INFO - Filling up the DagBag from /home/airflow/.local/lib/python3.9/site-packages/airflow/example_dags/plugins/decreasing_priority_weight_strategy.py
[2026-07-23T01:53:01.082+0000] {processor.py:842} WARNING - No viable dags retrieved from /home/airflow/.local/lib/python3.9/site-packages/airflow/example_dags/plugins/decreasing_priority_weight_strategy.py
[2026-07-23T01:53:01.112+0000] {processor.py:183} INFO - Processing /home/airflow/.local/lib/python3.9/site-packages/airflow/example_dags/plugins/decreasing_priority_weight_strategy.py took 0.051 seconds
[2026-07-23T01:53:33.236+0000] {processor.py:161} INFO - Started process (PID=2658) to work on /home/airflow/.local/lib/python3.9/site-packages/airflow/example_dags/plugins/decreasing_priority_weight_strategy.py
[2026-07-23T01:53:33.237+0000] {processor.py:830} INFO - Processing file /home/airflow/.local/lib/python3.9/site-packages/airflow/example_dags/plugins/decreasing_priority_weight_strategy.py for tasks to queue
[2026-07-23T01:53:33.240+0000] {logging_mixin.py:188} INFO - [2026-07-23T01:53:33.240+0000] {dagbag.py:545} INFO - Filling up the DagBag from /home/airflow/.local/lib/python3.9/site-packages/airflow/example_dags/plugins/decreasing_priority_weight_strategy.py
[2026-07-23T01:53:33.255+0000] {processor.py:842} WARNING - No viable dags retrieved from /home/airflow/.local/lib/python3.9/site-packages/airflow/example_dags/plugins/decreasing_priority_weight_strategy.py
[2026-07-23T01:53:33.355+0000] {processor.py:183} INFO - Processing /home/airflow/.local/lib/python3.9/site-packages/airflow/example_dags/plugins/decreasing_priority_weight_strategy.py took 0.156 seconds
[2026-07-23T01:54:08.458+0000] {processor.py:161} INFO - Started process (PID=2732) to work on /home/airflow/.local/lib/python3.9/site-packages/airflow/example_dags/plugins/decreasing_priority_weight_strategy.py
[2026-07-23T01:54:08.460+0000] {processor.py:830} INFO - Processing file /home/airflow/.local/lib/python3.9/site-packages/airflow/example_dags/plugins/decreasing_priority_weight_strategy.py for tasks to queue
[2026-07-23T01:54:08.463+0000] {logging_mixin.py:188} INFO - [2026-07-23T01:54:08.463+0000] {dagbag.py:545} INFO - Filling up the DagBag from /home/airflow/.local/lib/python3.9/site-packages/airflow/example_dags/plugins/decreasing_priority_weight_strategy.py
[2026-07-23T01:54:08.479+0000] {processor.py:842} WARNING - No viable dags retrieved from /home/airflow/.local/lib/python3.9/site-packages/airflow/example_dags/plugins/decreasing_priority_weight_strategy.py
[2026-07-23T01:54:08.540+0000] {processor.py:183} INFO - Processing /home/airflow/.local/lib/python3.9/site-packages/airflow/example_dags/plugins/decreasing_priority_weight_strategy.py took 0.105 seconds
[2026-07-23T01:54:39.620+0000] {processor.py:161} INFO - Started process (PID=2798) to work on /home/airflow/.local/lib/python3.9/site-packages/airflow/example_dags/plugins/decreasing_priority_weight_strategy.py
[2026-07-23T01:54:39.622+0000] {processor.py:830} INFO - Processing file /home/airflow/.local/lib/python3.9/site-packages/airflow/example_dags/plugins/decreasing_priority_weight_strategy.py for tasks to queue
[2026-07-23T01:54:39.635+0000] {logging_mixin.py:188} INFO - [2026-07-23T01:54:39.626+0000] {dagbag.py:545} INFO - Filling up the DagBag from /home/airflow/.local/lib/python3.9/site-packages/airflow/example_dags/plugins/decreasing_priority_weight_strategy.py
[2026-07-23T01:54:39.641+0000] {processor.py:842} WARNING - No viable dags retrieved from /home/airflow/.local/lib/python3.9/site-packages/airflow/example_dags/plugins/decreasing_priority_weight_strategy.py
[2026-07-23T01:54:39.719+0000] {processor.py:183} INFO - Processing /home/airflow/.local/lib/python3.9/site-packages/airflow/example_dags/plugins/decreasing_priority_weight_strategy.py took 0.123 seconds
[2026-07-23T01:55:13.637+0000] {processor.py:161} INFO - Started process (PID=2868) to work on /home/airflow/.local/lib/python3.9/site-packages/airflow/example_dags/plugins/decreasing_priority_weight_strategy.py
[2026-07-23T01:55:13.638+0000] {processor.py:830} INFO - Processing file /home/airflow/.local/lib/python3.9/site-packages/airflow/example_dags/plugins/decreasing_priority_weight_strategy.py for tasks to queue
[2026-07-23T01:55:13.658+0000] {logging_mixin.py:188} INFO - [2026-07-23T01:55:13.657+0000] {dagbag.py:545} INFO - Filling up the DagBag from /home/airflow/.local/lib/python3.9/site-packages/airflow/example_dags/plugins/decreasing_priority_weight_strategy.py
[2026-07-23T01:55:13.661+0000] {processor.py:842} WARNING - No viable dags retrieved from /home/airflow/.local/lib/python3.9/site-packages/airflow/example_dags/plugins/decreasing_priority_weight_strategy.py
[2026-07-23T01:55:13.719+0000] {processor.py:183} INFO - Processing /home/airflow/.local/lib/python3.9/site-packages/airflow/example_dags/plugins/decreasing_priority_weight_strategy.py took 0.103 seconds
[2026-07-23T01:55:45.157+0000] {processor.py:161} INFO - Started process (PID=2935) to work on /home/airflow/.local/lib/python3.9/site-packages/airflow/example_dags/plugins/decreasing_priority_weight_strategy.py
[2026-07-23T01:55:45.159+0000] {processor.py:830} INFO - Processing file /home/airflow/.local/lib/python3.9/site-packages/airflow/example_dags/plugins/decreasing_priority_weight_strategy.py for tasks to queue
[2026-07-23T01:55:45.162+0000] {logging_mixin.py:188} INFO - [2026-07-23T01:55:45.162+0000] {dagbag.py:545} INFO - Filling up the DagBag from /home/airflow/.local/lib/python3.9/site-packages/airflow/example_dags/plugins/decreasing_priority_weight_strategy.py
[2026-07-23T01:55:45.175+0000] {processor.py:842} WARNING - No viable dags retrieved from /home/airflow/.local/lib/python3.9/site-packages/airflow/example_dags/plugins/decreasing_priority_weight_strategy.py
[2026-07-23T01:55:45.244+0000] {processor.py:183} INFO - Processing /home/airflow/.local/lib/python3.9/site-packages/airflow/example_dags/plugins/decreasing_priority_weight_strategy.py took 0.106 seconds
[2026-07-23T01:56:16.161+0000] {processor.py:161} INFO - Started process (PID=3002) to work on /home/airflow/.local/lib/python3.9/site-packages/airflow/example_dags/plugins/decreasing_priority_weight_strategy.py
[2026-07-23T01:56:16.163+0000] {processor.py:830} INFO - Processing file /home/airflow/.local/lib/python3.9/site-packages/airflow/example_dags/plugins/decreasing_priority_weight_strategy.py for tasks to queue
[2026-07-23T01:56:16.166+0000] {logging_mixin.py:188} INFO - [2026-07-23T01:56:16.166+0000] {dagbag.py:545} INFO - Filling up the DagBag from /home/airflow/.local/lib/python3.9/site-packages/airflow/example_dags/plugins/decreasing_priority_weight_strategy.py
[2026-07-23T01:56:16.176+0000] {processor.py:842} WARNING - No viable dags retrieved from /home/airflow/.local/lib/python3.9/site-packages/airflow/example_dags/plugins/decreasing_priority_weight_strategy.py
[2026-07-23T01:56:16.224+0000] {processor.py:183} INFO - Processing /home/airflow/.local/lib/python3.9/site-packages/airflow/example_dags/plugins/decreasing_priority_weight_strategy.py took 0.083 seconds
[2026-07-23T01:56:46.807+0000] {processor.py:161} INFO - Started process (PID=3069) to work on /home/airflow/.local/lib/python3.9/site-packages/airflow/example_dags/plugins/decreasing_priority_weight_strategy.py
[2026-07-23T01:56:46.809+0000] {processor.py:830} INFO - Processing file /home/airflow/.local/lib/python3.9/site-packages/airflow/example_dags/plugins/decreasing_priority_weight_strategy.py for tasks to queue
[2026-07-23T01:56:46.812+0000] {logging_mixin.py:188} INFO - [2026-07-23T01:56:46.811+0000] {dagbag.py:545} INFO - Filling up the DagBag from /home/airflow/.local/lib/python3.9/site-packages/airflow/example_dags/plugins/decreasing_priority_weight_strategy.py
[2026-07-23T01:56:46.816+0000] {processor.py:842} WARNING - No viable dags retrieved from /home/airflow/.local/lib/python3.9/site-packages/airflow/example_dags/plugins/decreasing_priority_weight_strategy.py
[2026-07-23T01:56:46.846+0000] {processor.py:183} INFO - Processing /home/airflow/.local/lib/python3.9/site-packages/airflow/example_dags/plugins/decreasing_priority_weight_strategy.py took 0.052 seconds
[2026-07-23T01:57:17.347+0000] {processor.py:161} INFO - Started process (PID=3136) to work on /home/airflow/.local/lib/python3.9/site-packages/airflow/example_dags/plugins/decreasing_priority_weight_strategy.py
[2026-07-23T01:57:17.348+0000] {processor.py:830} INFO - Processing file /home/airflow/.local/lib/python3.9/site-packages/airflow/example_dags/plugins/decreasing_priority_weight_strategy.py for tasks to queue
[2026-07-23T01:57:17.351+0000] {logging_mixin.py:188} INFO - [2026-07-23T01:57:17.351+0000] {dagbag.py:545} INFO - Filling up the DagBag from /home/airflow/.local/lib/python3.9/site-packages/airflow/example_dags/plugins/decreasing_priority_weight_strategy.py
[2026-07-23T01:57:17.355+0000] {processor.py:842} WARNING - No viable dags retrieved from /home/airflow/.local/lib/python3.9/site-packages/airflow/example_dags/plugins/decreasing_priority_weight_strategy.py
[2026-07-23T01:57:17.384+0000] {processor.py:183} INFO - Processing /home/airflow/.local/lib/python3.9/site-packages/airflow/example_dags/plugins/decreasing_priority_weight_strategy.py took 0.055 seconds
[2026-07-23T01:57:47.957+0000] {processor.py:161} INFO - Started process (PID=3204) to work on /home/airflow/.local/lib/python3.9/site-packages/airflow/example_dags/plugins/decreasing_priority_weight_strategy.py
[2026-07-23T01:57:47.960+0000] {processor.py:830} INFO - Processing file /home/airflow/.local/lib/python3.9/site-packages/airflow/example_dags/plugins/decreasing_priority_weight_strategy.py for tasks to queue
[2026-07-23T01:57:47.963+0000] {logging_mixin.py:188} INFO - [2026-07-23T01:57:47.962+0000] {dagbag.py:545} INFO - Filling up the DagBag from /home/airflow/.local/lib/python3.9/site-packages/airflow/example_dags/plugins/decreasing_priority_weight_strategy.py
[2026-07-23T01:57:47.966+0000] {processor.py:842} WARNING - No viable dags retrieved from /home/airflow/.local/lib/python3.9/site-packages/airflow/example_dags/plugins/decreasing_priority_weight_strategy.py
[2026-07-23T01:57:48.005+0000] {processor.py:183} INFO - Processing /home/airflow/.local/lib/python3.9/site-packages/airflow/example_dags/plugins/decreasing_priority_weight_strategy.py took 0.069 seconds
[2026-07-23T01:58:18.506+0000] {processor.py:161} INFO - Started process (PID=3272) to work on /home/airflow/.local/lib/python3.9/site-packages/airflow/example_dags/plugins/decreasing_priority_weight_strategy.py
[2026-07-23T01:58:18.508+0000] {processor.py:830} INFO - Processing file /home/airflow/.local/lib/python3.9/site-packages/airflow/example_dags/plugins/decreasing_priority_weight_strategy.py for tasks to queue
[2026-07-23T01:58:18.511+0000] {logging_mixin.py:188} INFO - [2026-07-23T01:58:18.510+0000] {dagbag.py:545} INFO - Filling up the DagBag from /home/airflow/.local/lib/python3.9/site-packages/airflow/example_dags/plugins/decreasing_priority_weight_strategy.py
[2026-07-23T01:58:18.514+0000] {processor.py:842} WARNING - No viable dags retrieved from /home/airflow/.local/lib/python3.9/site-packages/airflow/example_dags/plugins/decreasing_priority_weight_strategy.py
[2026-07-23T01:58:18.540+0000] {processor.py:183} INFO - Processing /home/airflow/.local/lib/python3.9/site-packages/airflow/example_dags/plugins/decreasing_priority_weight_strategy.py took 0.045 seconds
[2026-07-23T01:58:48.900+0000] {processor.py:161} INFO - Started process (PID=3346) to work on /home/airflow/.local/lib/python3.9/site-packages/airflow/example_dags/plugins/decreasing_priority_weight_strategy.py
[2026-07-23T01:58:48.902+0000] {processor.py:830} INFO - Processing file /home/airflow/.local/lib/python3.9/site-packages/airflow/example_dags/plugins/decreasing_priority_weight_strategy.py for tasks to queue
[2026-07-23T01:58:48.904+0000] {logging_mixin.py:188} INFO - [2026-07-23T01:58:48.904+0000] {dagbag.py:545} INFO - Filling up the DagBag from /home/airflow/.local/lib/python3.9/site-packages/airflow/example_dags/plugins/decreasing_priority_weight_strategy.py
[2026-07-23T01:58:48.908+0000] {processor.py:842} WARNING - No viable dags retrieved from /home/airflow/.local/lib/python3.9/site-packages/airflow/example_dags/plugins/decreasing_priority_weight_strategy.py
[2026-07-23T01:58:48.957+0000] {processor.py:183} INFO - Processing /home/airflow/.local/lib/python3.9/site-packages/airflow/example_dags/plugins/decreasing_priority_weight_strategy.py took 0.077 seconds
[2026-07-23T01:59:19.341+0000] {processor.py:161} INFO - Started process (PID=3413) to work on /home/airflow/.local/lib/python3.9/site-packages/airflow/example_dags/plugins/decreasing_priority_weight_strategy.py
[2026-07-23T01:59:19.343+0000] {processor.py:830} INFO - Processing file /home/airflow/.local/lib/python3.9/site-packages/airflow/example_dags/plugins/decreasing_priority_weight_strategy.py for tasks to queue
[2026-07-23T01:59:19.345+0000] {logging_mixin.py:188} INFO - [2026-07-23T01:59:19.345+0000] {dagbag.py:545} INFO - Filling up the DagBag from /home/airflow/.local/lib/python3.9/site-packages/airflow/example_dags/plugins/decreasing_priority_weight_strategy.py
[2026-07-23T01:59:19.355+0000] {processor.py:842} WARNING - No viable dags retrieved from /home/airflow/.local/lib/python3.9/site-packages/airflow/example_dags/plugins/decreasing_priority_weight_strategy.py
[2026-07-23T01:59:19.398+0000] {processor.py:183} INFO - Processing /home/airflow/.local/lib/python3.9/site-packages/airflow/example_dags/plugins/decreasing_priority_weight_strategy.py took 0.073 seconds
[2026-07-23T01:59:50.176+0000] {processor.py:161} INFO - Started process (PID=3480) to work on /home/airflow/.local/lib/python3.9/site-packages/airflow/example_dags/plugins/decreasing_priority_weight_strategy.py
[2026-07-23T01:59:50.178+0000] {processor.py:830} INFO - Processing file /home/airflow/.local/lib/python3.9/site-packages/airflow/example_dags/plugins/decreasing_priority_weight_strategy.py for tasks to queue
[2026-07-23T01:59:50.181+0000] {logging_mixin.py:188} INFO - [2026-07-23T01:59:50.180+0000] {dagbag.py:545} INFO - Filling up the DagBag from /home/airflow/.local/lib/python3.9/site-packages/airflow/example_dags/plugins/decreasing_priority_weight_strategy.py
[2026-07-23T01:59:50.185+0000] {processor.py:842} WARNING - No viable dags retrieved from /home/airflow/.local/lib/python3.9/site-packages/airflow/example_dags/plugins/decreasing_priority_weight_strategy.py
[2026-07-23T01:59:50.210+0000] {processor.py:183} INFO - Processing /home/airflow/.local/lib/python3.9/site-packages/airflow/example_dags/plugins/decreasing_priority_weight_strategy.py took 0.046 seconds
[2026-07-23T02:00:20.619+0000] {processor.py:161} INFO - Started process (PID=3547) to work on /home/airflow/.local/lib/python3.9/site-packages/airflow/example_dags/plugins/decreasing_priority_weight_strategy.py
[2026-07-23T02:00:20.620+0000] {processor.py:830} INFO - Processing file /home/airflow/.local/lib/python3.9/site-packages/airflow/example_dags/plugins/decreasing_priority_weight_strategy.py for tasks to queue
[2026-07-23T02:00:20.623+0000] {logging_mixin.py:188} INFO - [2026-07-23T02:00:20.623+0000] {dagbag.py:545} INFO - Filling up the DagBag from /home/airflow/.local/lib/python3.9/site-packages/airflow/example_dags/plugins/decreasing_priority_weight_strategy.py
[2026-07-23T02:00:20.628+0000] {processor.py:842} WARNING - No viable dags retrieved from /home/airflow/.local/lib/python3.9/site-packages/airflow/example_dags/plugins/decreasing_priority_weight_strategy.py
[2026-07-23T02:00:20.662+0000] {processor.py:183} INFO - Processing /home/airflow/.local/lib/python3.9/site-packages/airflow/example_dags/plugins/decreasing_priority_weight_strategy.py took 0.061 seconds
[2026-07-23T02:00:50.897+0000] {processor.py:161} INFO - Started process (PID=3614) to work on /home/airflow/.local/lib/python3.9/site-packages/airflow/example_dags/plugins/decreasing_priority_weight_strategy.py
[2026-07-23T02:00:50.898+0000] {processor.py:830} INFO - Processing file /home/airflow/.local/lib/python3.9/site-packages/airflow/example_dags/plugins/decreasing_priority_weight_strategy.py for tasks to queue
[2026-07-23T02:00:50.901+0000] {logging_mixin.py:188} INFO - [2026-07-23T02:00:50.901+0000] {dagbag.py:545} INFO - Filling up the DagBag from /home/airflow/.local/lib/python3.9/site-packages/airflow/example_dags/plugins/decreasing_priority_weight_strategy.py
[2026-07-23T02:00:50.905+0000] {processor.py:842} WARNING - No viable dags retrieved from /home/airflow/.local/lib/python3.9/site-packages/airflow/example_dags/plugins/decreasing_priority_weight_strategy.py
[2026-07-23T02:00:50.933+0000] {processor.py:183} INFO - Processing /home/airflow/.local/lib/python3.9/site-packages/airflow/example_dags/plugins/decreasing_priority_weight_strategy.py took 0.047 seconds
[2026-07-23T02:01:21.732+0000] {processor.py:161} INFO - Started process (PID=3681) to work on /home/airflow/.local/lib/python3.9/site-packages/airflow/example_dags/plugins/decreasing_priority_weight_strategy.py
[2026-07-23T02:01:21.734+0000] {processor.py:830} INFO - Processing file /home/airflow/.local/lib/python3.9/site-packages/airflow/example_dags/plugins/decreasing_priority_weight_strategy.py for tasks to queue
[2026-07-23T02:01:21.737+0000] {logging_mixin.py:188} INFO - [2026-07-23T02:01:21.737+0000] {dagbag.py:545} INFO - Filling up the DagBag from /home/airflow/.local/lib/python3.9/site-packages/airflow/example_dags/plugins/decreasing_priority_weight_strategy.py
[2026-07-23T02:01:21.741+0000] {processor.py:842} WARNING - No viable dags retrieved from /home/airflow/.local/lib/python3.9/site-packages/airflow/example_dags/plugins/decreasing_priority_weight_strategy.py
[2026-07-23T02:01:21.772+0000] {processor.py:183} INFO - Processing /home/airflow/.local/lib/python3.9/site-packages/airflow/example_dags/plugins/decreasing_priority_weight_strategy.py took 0.052 seconds
[2026-07-23T02:01:52.325+0000] {processor.py:161} INFO - Started process (PID=3748) to work on /home/airflow/.local/lib/python3.9/site-packages/airflow/example_dags/plugins/decreasing_priority_weight_strategy.py
[2026-07-23T02:01:52.327+0000] {processor.py:830} INFO - Processing file /home/airflow/.local/lib/python3.9/site-packages/airflow/example_dags/plugins/decreasing_priority_weight_strategy.py for tasks to queue
[2026-07-23T02:01:52.336+0000] {logging_mixin.py:188} INFO - [2026-07-23T02:01:52.335+0000] {dagbag.py:545} INFO - Filling up the DagBag from /home/airflow/.local/lib/python3.9/site-packages/airflow/example_dags/plugins/decreasing_priority_weight_strategy.py
[2026-07-23T02:01:52.339+0000] {processor.py:842} WARNING - No viable dags retrieved from /home/airflow/.local/lib/python3.9/site-packages/airflow/example_dags/plugins/decreasing_priority_weight_strategy.py
[2026-07-23T02:01:52.380+0000] {processor.py:183} INFO - Processing /home/airflow/.local/lib/python3.9/site-packages/airflow/example_dags/plugins/decreasing_priority_weight_strategy.py took 0.065 seconds
[2026-07-23T02:02:23.351+0000] {processor.py:161} INFO - Started process (PID=3815) to work on /home/airflow/.local/lib/python3.9/site-packages/airflow/example_dags/plugins/decreasing_priority_weight_strategy.py
[2026-07-23T02:02:23.353+0000] {processor.py:830} INFO - Processing file /home/airflow/.local/lib/python3.9/site-packages/airflow/example_dags/plugins/decreasing_priority_weight_strategy.py for tasks to queue
[2026-07-23T02:02:23.356+0000] {logging_mixin.py:188} INFO - [2026-07-23T02:02:23.356+0000] {dagbag.py:545} INFO - Filling up the DagBag from /home/airflow/.local/lib/python3.9/site-packages/airflow/example_dags/plugins/decreasing_priority_weight_strategy.py
[2026-07-23T02:02:23.360+0000] {processor.py:842} WARNING - No viable dags retrieved from /home/airflow/.local/lib/python3.9/site-packages/airflow/example_dags/plugins/decreasing_priority_weight_strategy.py
[2026-07-23T02:02:23.387+0000] {processor.py:183} INFO - Processing /home/airflow/.local/lib/python3.9/site-packages/airflow/example_dags/plugins/decreasing_priority_weight_strategy.py took 0.046 seconds
[2026-07-23T02:02:53.602+0000] {processor.py:161} INFO - Started process (PID=3882) to work on /home/airflow/.local/lib/python3.9/site-packages/airflow/example_dags/plugins/decreasing_priority_weight_strategy.py
[2026-07-23T02:02:53.603+0000] {processor.py:830} INFO - Processing file /home/airflow/.local/lib/python3.9/site-packages/airflow/example_dags/plugins/decreasing_priority_weight_strategy.py for tasks to queue
[2026-07-23T02:02:53.606+0000] {logging_mixin.py:188} INFO - [2026-07-23T02:02:53.606+0000] {dagbag.py:545} INFO - Filling up the DagBag from /home/airflow/.local/lib/python3.9/site-packages/airflow/example_dags/plugins/decreasing_priority_weight_strategy.py
[2026-07-23T02:02:53.610+0000] {processor.py:842} WARNING - No viable dags retrieved from /home/airflow/.local/lib/python3.9/site-packages/airflow/example_dags/plugins/decreasing_priority_weight_strategy.py
[2026-07-23T02:02:53.641+0000] {processor.py:183} INFO - Processing /home/airflow/.local/lib/python3.9/site-packages/airflow/example_dags/plugins/decreasing_priority_weight_strategy.py took 0.050 seconds
[2026-07-23T02:03:23.976+0000] {processor.py:161} INFO - Started process (PID=3949) to work on /home/airflow/.local/lib/python3.9/site-packages/airflow/example_dags/plugins/decreasing_priority_weight_strategy.py
[2026-07-23T02:03:23.977+0000] {processor.py:830} INFO - Processing file /home/airflow/.local/lib/python3.9/site-packages/airflow/example_dags/plugins/decreasing_priority_weight_strategy.py for tasks to queue
[2026-07-23T02:03:23.980+0000] {logging_mixin.py:188} INFO - [2026-07-23T02:03:23.980+0000] {dagbag.py:545} INFO - Filling up the DagBag from /home/airflow/.local/lib/python3.9/site-packages/airflow/example_dags/plugins/decreasing_priority_weight_strategy.py
[2026-07-23T02:03:23.984+0000] {processor.py:842} WARNING - No viable dags retrieved from /home/airflow/.local/lib/python3.9/site-packages/airflow/example_dags/plugins/decreasing_priority_weight_strategy.py
[2026-07-23T02:03:24.011+0000] {processor.py:183} INFO - Processing /home/airflow/.local/lib/python3.9/site-packages/airflow/example_dags/plugins/decreasing_priority_weight_strategy.py took 0.047 seconds
[2026-07-23T02:03:54.476+0000] {processor.py:161} INFO - Started process (PID=4016) to work on /home/airflow/.local/lib/python3.9/site-packages/airflow/example_dags/plugins/decreasing_priority_weight_strategy.py
[2026-07-23T02:03:54.478+0000] {processor.py:830} INFO - Processing file /home/airflow/.local/lib/python3.9/site-packages/airflow/example_dags/plugins/decreasing_priority_weight_strategy.py for tasks to queue
[2026-07-23T02:03:54.481+0000] {logging_mixin.py:188} INFO - [2026-07-23T02:03:54.480+0000] {dagbag.py:545} INFO - Filling up the DagBag from /home/airflow/.local/lib/python3.9/site-packages/airflow/example_dags/plugins/decreasing_priority_weight_strategy.py
[2026-07-23T02:03:54.484+0000] {processor.py:842} WARNING - No viable dags retrieved from /home/airflow/.local/lib/python3.9/site-packages/airflow/example_dags/plugins/decreasing_priority_weight_strategy.py
[2026-07-23T02:03:54.512+0000] {processor.py:183} INFO - Processing /home/airflow/.local/lib/python3.9/site-packages/airflow/example_dags/plugins/decreasing_priority_weight_strategy.py took 0.049 seconds
[2026-07-23T02:04:25.045+0000] {processor.py:161} INFO - Started process (PID=4083) to work on /home/airflow/.local/lib/python3.9/site-packages/airflow/example_dags/plugins/decreasing_priority_weight_strategy.py
[2026-07-23T02:04:25.047+0000] {processor.py:830} INFO - Processing file /home/airflow/.local/lib/python3.9/site-packages/airflow/example_dags/plugins/decreasing_priority_weight_strategy.py for tasks to queue
[2026-07-23T02:04:25.050+0000] {logging_mixin.py:188} INFO - [2026-07-23T02:04:25.049+0000] {dagbag.py:545} INFO - Filling up the DagBag from /home/airflow/.local/lib/python3.9/site-packages/airflow/example_dags/plugins/decreasing_priority_weight_strategy.py
[2026-07-23T02:04:25.055+0000] {processor.py:842} WARNING - No viable dags retrieved from /home/airflow/.local/lib/python3.9/site-packages/airflow/example_dags/plugins/decreasing_priority_weight_strategy.py
[2026-07-23T02:04:25.084+0000] {processor.py:183} INFO - Processing /home/airflow/.local/lib/python3.9/site-packages/airflow/example_dags/plugins/decreasing_priority_weight_strategy.py took 0.055 seconds
[2026-07-23T02:04:55.314+0000] {processor.py:161} INFO - Started process (PID=4150) to work on /home/airflow/.local/lib/python3.9/site-packages/airflow/example_dags/plugins/decreasing_priority_weight_strategy.py
[2026-07-23T02:04:55.316+0000] {processor.py:830} INFO - Processing file /home/airflow/.local/lib/python3.9/site-packages/airflow/example_dags/plugins/decreasing_priority_weight_strategy.py for tasks to queue
[2026-07-23T02:04:55.318+0000] {logging_mixin.py:188} INFO - [2026-07-23T02:04:55.318+0000] {dagbag.py:545} INFO - Filling up the DagBag from /home/airflow/.local/lib/python3.9/site-packages/airflow/example_dags/plugins/decreasing_priority_weight_strategy.py
[2026-07-23T02:04:55.322+0000] {processor.py:842} WARNING - No viable dags retrieved from /home/airflow/.local/lib/python3.9/site-packages/airflow/example_dags/plugins/decreasing_priority_weight_strategy.py
[2026-07-23T02:04:55.349+0000] {processor.py:183} INFO - Processing /home/airflow/.local/lib/python3.9/site-packages/airflow/example_dags/plugins/decreasing_priority_weight_strategy.py took 0.045 seconds
[2026-07-23T02:05:25.600+0000] {processor.py:161} INFO - Started process (PID=4224) to work on /home/airflow/.local/lib/python3.9/site-packages/airflow/example_dags/plugins/decreasing_priority_weight_strategy.py
[2026-07-23T02:05:25.602+0000] {processor.py:830} INFO - Processing file /home/airflow/.local/lib/python3.9/site-packages/airflow/example_dags/plugins/decreasing_priority_weight_strategy.py for tasks to queue
[2026-07-23T02:05:25.605+0000] {logging_mixin.py:188} INFO - [2026-07-23T02:05:25.605+0000] {dagbag.py:545} INFO - Filling up the DagBag from /home/airflow/.local/lib/python3.9/site-packages/airflow/example_dags/plugins/decreasing_priority_weight_strategy.py
[2026-07-23T02:05:25.616+0000] {processor.py:842} WARNING - No viable dags retrieved from /home/airflow/.local/lib/python3.9/site-packages/airflow/example_dags/plugins/decreasing_priority_weight_strategy.py
[2026-07-23T02:05:25.659+0000] {processor.py:183} INFO - Processing /home/airflow/.local/lib/python3.9/site-packages/airflow/example_dags/plugins/decreasing_priority_weight_strategy.py took 0.077 seconds
[2026-07-23T02:05:56.120+0000] {processor.py:161} INFO - Started process (PID=4291) to work on /home/airflow/.local/lib/python3.9/site-packages/airflow/example_dags/plugins/decreasing_priority_weight_strategy.py
[2026-07-23T02:05:56.122+0000] {processor.py:830} INFO - Processing file /home/airflow/.local/lib/python3.9/site-packages/airflow/example_dags/plugins/decreasing_priority_weight_strategy.py for tasks to queue
[2026-07-23T02:05:56.136+0000] {logging_mixin.py:188} INFO - [2026-07-23T02:05:56.136+0000] {dagbag.py:545} INFO - Filling up the DagBag from /home/airflow/.local/lib/python3.9/site-packages/airflow/example_dags/plugins/decreasing_priority_weight_strategy.py
[2026-07-23T02:05:56.141+0000] {processor.py:842} WARNING - No viable dags retrieved from /home/airflow/.local/lib/python3.9/site-packages/airflow/example_dags/plugins/decreasing_priority_weight_strategy.py
[2026-07-23T02:05:56.219+0000] {processor.py:183} INFO - Processing /home/airflow/.local/lib/python3.9/site-packages/airflow/example_dags/plugins/decreasing_priority_weight_strategy.py took 0.122 seconds
[2026-07-23T02:06:26.319+0000] {processor.py:161} INFO - Started process (PID=4357) to work on /home/airflow/.local/lib/python3.9/site-packages/airflow/example_dags/plugins/decreasing_priority_weight_strategy.py
[2026-07-23T02:06:26.321+0000] {processor.py:830} INFO - Processing file /home/airflow/.local/lib/python3.9/site-packages/airflow/example_dags/plugins/decreasing_priority_weight_strategy.py for tasks to queue
[2026-07-23T02:06:26.324+0000] {logging_mixin.py:188} INFO - [2026-07-23T02:06:26.324+0000] {dagbag.py:545} INFO - Filling up the DagBag from /home/airflow/.local/lib/python3.9/site-packages/airflow/example_dags/plugins/decreasing_priority_weight_strategy.py
[2026-07-23T02:06:26.337+0000] {processor.py:842} WARNING - No viable dags retrieved from /home/airflow/.local/lib/python3.9/site-packages/airflow/example_dags/plugins/decreasing_priority_weight_strategy.py
[2026-07-23T02:06:26.383+0000] {processor.py:183} INFO - Processing /home/airflow/.local/lib/python3.9/site-packages/airflow/example_dags/plugins/decreasing_priority_weight_strategy.py took 0.088 seconds
[2026-07-23T02:06:57.241+0000] {processor.py:161} INFO - Started process (PID=4424) to work on /home/airflow/.local/lib/python3.9/site-packages/airflow/example_dags/plugins/decreasing_priority_weight_strategy.py
[2026-07-23T02:06:57.243+0000] {processor.py:830} INFO - Processing file /home/airflow/.local/lib/python3.9/site-packages/airflow/example_dags/plugins/decreasing_priority_weight_strategy.py for tasks to queue
[2026-07-23T02:06:57.246+0000] {logging_mixin.py:188} INFO - [2026-07-23T02:06:57.245+0000] {dagbag.py:545} INFO - Filling up the DagBag from /home/airflow/.local/lib/python3.9/site-packages/airflow/example_dags/plugins/decreasing_priority_weight_strategy.py
[2026-07-23T02:06:57.250+0000] {processor.py:842} WARNING - No viable dags retrieved from /home/airflow/.local/lib/python3.9/site-packages/airflow/example_dags/plugins/decreasing_priority_weight_strategy.py
[2026-07-23T02:06:57.279+0000] {processor.py:183} INFO - Processing /home/airflow/.local/lib/python3.9/site-packages/airflow/example_dags/plugins/decreasing_priority_weight_strategy.py took 0.053 seconds
[2026-07-23T02:07:27.815+0000] {processor.py:161} INFO - Started process (PID=4491) to work on /home/airflow/.local/lib/python3.9/site-packages/airflow/example_dags/plugins/decreasing_priority_weight_strategy.py
[2026-07-23T02:07:27.817+0000] {processor.py:830} INFO - Processing file /home/airflow/.local/lib/python3.9/site-packages/airflow/example_dags/plugins/decreasing_priority_weight_strategy.py for tasks to queue
[2026-07-23T02:07:27.821+0000] {logging_mixin.py:188} INFO - [2026-07-23T02:07:27.820+0000] {dagbag.py:545} INFO - Filling up the DagBag from /home/airflow/.local/lib/python3.9/site-packages/airflow/example_dags/plugins/decreasing_priority_weight_strategy.py
[2026-07-23T02:07:27.825+0000] {processor.py:842} WARNING - No viable dags retrieved from /home/airflow/.local/lib/python3.9/site-packages/airflow/example_dags/plugins/decreasing_priority_weight_strategy.py
[2026-07-23T02:07:27.865+0000] {processor.py:183} INFO - Processing /home/airflow/.local/lib/python3.9/site-packages/airflow/example_dags/plugins/decreasing_priority_weight_strategy.py took 0.066 seconds
[2026-07-23T02:07:58.207+0000] {processor.py:161} INFO - Started process (PID=4558) to work on /home/airflow/.local/lib/python3.9/site-packages/airflow/example_dags/plugins/decreasing_priority_weight_strategy.py
[2026-07-23T02:07:58.209+0000] {processor.py:830} INFO - Processing file /home/airflow/.local/lib/python3.9/site-packages/airflow/example_dags/plugins/decreasing_priority_weight_strategy.py for tasks to queue
[2026-07-23T02:07:58.212+0000] {logging_mixin.py:188} INFO - [2026-07-23T02:07:58.212+0000] {dagbag.py:545} INFO - Filling up the DagBag from /home/airflow/.local/lib/python3.9/site-packages/airflow/example_dags/plugins/decreasing_priority_weight_strategy.py
[2026-07-23T02:07:58.216+0000] {processor.py:842} WARNING - No viable dags retrieved from /home/airflow/.local/lib/python3.9/site-packages/airflow/example_dags/plugins/decreasing_priority_weight_strategy.py
[2026-07-23T02:07:58.243+0000] {processor.py:183} INFO - Processing /home/airflow/.local/lib/python3.9/site-packages/airflow/example_dags/plugins/decreasing_priority_weight_strategy.py took 0.047 seconds
[2026-07-23T02:08:28.607+0000] {processor.py:161} INFO - Started process (PID=4625) to work on /home/airflow/.local/lib/python3.9/site-packages/airflow/example_dags/plugins/decreasing_priority_weight_strategy.py
[2026-07-23T02:08:28.608+0000] {processor.py:830} INFO - Processing file /home/airflow/.local/lib/python3.9/site-packages/airflow/example_dags/plugins/decreasing_priority_weight_strategy.py for tasks to queue
[2026-07-23T02:08:28.611+0000] {logging_mixin.py:188} INFO - [2026-07-23T02:08:28.611+0000] {dagbag.py:545} INFO - Filling up the DagBag from /home/airflow/.local/lib/python3.9/site-packages/airflow/example_dags/plugins/decreasing_priority_weight_strategy.py
[2026-07-23T02:08:28.615+0000] {processor.py:842} WARNING - No viable dags retrieved from /home/airflow/.local/lib/python3.9/site-packages/airflow/example_dags/plugins/decreasing_priority_weight_strategy.py
[2026-07-23T02:08:28.640+0000] {processor.py:183} INFO - Processing /home/airflow/.local/lib/python3.9/site-packages/airflow/example_dags/plugins/decreasing_priority_weight_strategy.py took 0.046 seconds
[2026-07-23T02:08:59.076+0000] {processor.py:161} INFO - Started process (PID=4692) to work on /home/airflow/.local/lib/python3.9/site-packages/airflow/example_dags/plugins/decreasing_priority_weight_strategy.py
[2026-07-23T02:08:59.078+0000] {processor.py:830} INFO - Processing file /home/airflow/.local/lib/python3.9/site-packages/airflow/example_dags/plugins/decreasing_priority_weight_strategy.py for tasks to queue
[2026-07-23T02:08:59.081+0000] {logging_mixin.py:188} INFO - [2026-07-23T02:08:59.081+0000] {dagbag.py:545} INFO - Filling up the DagBag from /home/airflow/.local/lib/python3.9/site-packages/airflow/example_dags/plugins/decreasing_priority_weight_strategy.py
[2026-07-23T02:08:59.085+0000] {processor.py:842} WARNING - No viable dags retrieved from /home/airflow/.local/lib/python3.9/site-packages/airflow/example_dags/plugins/decreasing_priority_weight_strategy.py
[2026-07-23T02:08:59.112+0000] {processor.py:183} INFO - Processing /home/airflow/.local/lib/python3.9/site-packages/airflow/example_dags/plugins/decreasing_priority_weight_strategy.py took 0.048 seconds
[2026-07-23T02:09:29.297+0000] {processor.py:161} INFO - Started process (PID=4759) to work on /home/airflow/.local/lib/python3.9/site-packages/airflow/example_dags/plugins/decreasing_priority_weight_strategy.py
[2026-07-23T02:09:29.299+0000] {processor.py:830} INFO - Processing file /home/airflow/.local/lib/python3.9/site-packages/airflow/example_dags/plugins/decreasing_priority_weight_strategy.py for tasks to queue
[2026-07-23T02:09:29.303+0000] {logging_mixin.py:188} INFO - [2026-07-23T02:09:29.303+0000] {dagbag.py:545} INFO - Filling up the DagBag from /home/airflow/.local/lib/python3.9/site-packages/airflow/example_dags/plugins/decreasing_priority_weight_strategy.py
[2026-07-23T02:09:29.307+0000] {processor.py:842} WARNING - No viable dags retrieved from /home/airflow/.local/lib/python3.9/site-packages/airflow/example_dags/plugins/decreasing_priority_weight_strategy.py
[2026-07-23T02:09:29.343+0000] {processor.py:183} INFO - Processing /home/airflow/.local/lib/python3.9/site-packages/airflow/example_dags/plugins/decreasing_priority_weight_strategy.py took 0.060 seconds
[2026-07-23T02:09:59.998+0000] {processor.py:161} INFO - Started process (PID=4826) to work on /home/airflow/.local/lib/python3.9/site-packages/airflow/example_dags/plugins/decreasing_priority_weight_strategy.py
[2026-07-23T02:10:00.000+0000] {processor.py:830} INFO - Processing file /home/airflow/.local/lib/python3.9/site-packages/airflow/example_dags/plugins/decreasing_priority_weight_strategy.py for tasks to queue
[2026-07-23T02:10:00.004+0000] {logging_mixin.py:188} INFO - [2026-07-23T02:10:00.003+0000] {dagbag.py:545} INFO - Filling up the DagBag from /home/airflow/.local/lib/python3.9/site-packages/airflow/example_dags/plugins/decreasing_priority_weight_strategy.py
[2026-07-23T02:10:00.007+0000] {processor.py:842} WARNING - No viable dags retrieved from /home/airflow/.local/lib/python3.9/site-packages/airflow/example_dags/plugins/decreasing_priority_weight_strategy.py
[2026-07-23T02:10:00.044+0000] {processor.py:183} INFO - Processing /home/airflow/.local/lib/python3.9/site-packages/airflow/example_dags/plugins/decreasing_priority_weight_strategy.py took 0.062 seconds
[2026-07-23T02:10:30.219+0000] {processor.py:161} INFO - Started process (PID=4892) to work on /home/airflow/.local/lib/python3.9/site-packages/airflow/example_dags/plugins/decreasing_priority_weight_strategy.py
[2026-07-23T02:10:30.221+0000] {processor.py:830} INFO - Processing file /home/airflow/.local/lib/python3.9/site-packages/airflow/example_dags/plugins/decreasing_priority_weight_strategy.py for tasks to queue
[2026-07-23T02:10:30.225+0000] {logging_mixin.py:188} INFO - [2026-07-23T02:10:30.225+0000] {dagbag.py:545} INFO - Filling up the DagBag from /home/airflow/.local/lib/python3.9/site-packages/airflow/example_dags/plugins/decreasing_priority_weight_strategy.py
[2026-07-23T02:10:30.229+0000] {processor.py:842} WARNING - No viable dags retrieved from /home/airflow/.local/lib/python3.9/site-packages/airflow/example_dags/plugins/decreasing_priority_weight_strategy.py
[2026-07-23T02:10:30.255+0000] {processor.py:183} INFO - Processing /home/airflow/.local/lib/python3.9/site-packages/airflow/example_dags/plugins/decreasing_priority_weight_strategy.py took 0.049 seconds
[2026-07-23T02:11:00.625+0000] {processor.py:161} INFO - Started process (PID=4960) to work on /home/airflow/.local/lib/python3.9/site-packages/airflow/example_dags/plugins/decreasing_priority_weight_strategy.py
[2026-07-23T02:11:00.626+0000] {processor.py:830} INFO - Processing file /home/airflow/.local/lib/python3.9/site-packages/airflow/example_dags/plugins/decreasing_priority_weight_strategy.py for tasks to queue
[2026-07-23T02:11:00.631+0000] {logging_mixin.py:188} INFO - [2026-07-23T02:11:00.631+0000] {dagbag.py:545} INFO - Filling up the DagBag from /home/airflow/.local/lib/python3.9/site-packages/airflow/example_dags/plugins/decreasing_priority_weight_strategy.py
[2026-07-23T02:11:00.635+0000] {processor.py:842} WARNING - No viable dags retrieved from /home/airflow/.local/lib/python3.9/site-packages/airflow/example_dags/plugins/decreasing_priority_weight_strategy.py
[2026-07-23T02:11:00.661+0000] {processor.py:183} INFO - Processing /home/airflow/.local/lib/python3.9/site-packages/airflow/example_dags/plugins/decreasing_priority_weight_strategy.py took 0.048 seconds
[2026-07-23T02:11:31.042+0000] {processor.py:161} INFO - Started process (PID=5027) to work on /home/airflow/.local/lib/python3.9/site-packages/airflow/example_dags/plugins/decreasing_priority_weight_strategy.py
[2026-07-23T02:11:31.044+0000] {processor.py:830} INFO - Processing file /home/airflow/.local/lib/python3.9/site-packages/airflow/example_dags/plugins/decreasing_priority_weight_strategy.py for tasks to queue
[2026-07-23T02:11:31.048+0000] {logging_mixin.py:188} INFO - [2026-07-23T02:11:31.047+0000] {dagbag.py:545} INFO - Filling up the DagBag from /home/airflow/.local/lib/python3.9/site-packages/airflow/example_dags/plugins/decreasing_priority_weight_strategy.py
[2026-07-23T02:11:31.052+0000] {processor.py:842} WARNING - No viable dags retrieved from /home/airflow/.local/lib/python3.9/site-packages/airflow/example_dags/plugins/decreasing_priority_weight_strategy.py
[2026-07-23T02:11:31.077+0000] {processor.py:183} INFO - Processing /home/airflow/.local/lib/python3.9/site-packages/airflow/example_dags/plugins/decreasing_priority_weight_strategy.py took 0.050 seconds
[2026-07-23T02:12:01.398+0000] {processor.py:161} INFO - Started process (PID=5093) to work on /home/airflow/.local/lib/python3.9/site-packages/airflow/example_dags/plugins/decreasing_priority_weight_strategy.py
[2026-07-23T02:12:01.400+0000] {processor.py:830} INFO - Processing file /home/airflow/.local/lib/python3.9/site-packages/airflow/example_dags/plugins/decreasing_priority_weight_strategy.py for tasks to queue
[2026-07-23T02:12:01.404+0000] {logging_mixin.py:188} INFO - [2026-07-23T02:12:01.403+0000] {dagbag.py:545} INFO - Filling up the DagBag from /home/airflow/.local/lib/python3.9/site-packages/airflow/example_dags/plugins/decreasing_priority_weight_strategy.py
[2026-07-23T02:12:01.415+0000] {processor.py:842} WARNING - No viable dags retrieved from /home/airflow/.local/lib/python3.9/site-packages/airflow/example_dags/plugins/decreasing_priority_weight_strategy.py
[2026-07-23T02:12:01.478+0000] {processor.py:183} INFO - Processing /home/airflow/.local/lib/python3.9/site-packages/airflow/example_dags/plugins/decreasing_priority_weight_strategy.py took 0.103 seconds
[2026-07-23T02:12:32.164+0000] {processor.py:161} INFO - Started process (PID=5167) to work on /home/airflow/.local/lib/python3.9/site-packages/airflow/example_dags/plugins/decreasing_priority_weight_strategy.py
[2026-07-23T02:12:32.165+0000] {processor.py:830} INFO - Processing file /home/airflow/.local/lib/python3.9/site-packages/airflow/example_dags/plugins/decreasing_priority_weight_strategy.py for tasks to queue
[2026-07-23T02:12:32.177+0000] {logging_mixin.py:188} INFO - [2026-07-23T02:12:32.177+0000] {dagbag.py:545} INFO - Filling up the DagBag from /home/airflow/.local/lib/python3.9/site-packages/airflow/example_dags/plugins/decreasing_priority_weight_strategy.py
[2026-07-23T02:12:32.196+0000] {processor.py:842} WARNING - No viable dags retrieved from /home/airflow/.local/lib/python3.9/site-packages/airflow/example_dags/plugins/decreasing_priority_weight_strategy.py
[2026-07-23T02:12:32.257+0000] {processor.py:183} INFO - Processing /home/airflow/.local/lib/python3.9/site-packages/airflow/example_dags/plugins/decreasing_priority_weight_strategy.py took 0.117 seconds
[2026-07-23T02:13:03.457+0000] {processor.py:161} INFO - Started process (PID=5235) to work on /home/airflow/.local/lib/python3.9/site-packages/airflow/example_dags/plugins/decreasing_priority_weight_strategy.py
[2026-07-23T02:13:03.459+0000] {processor.py:830} INFO - Processing file /home/airflow/.local/lib/python3.9/site-packages/airflow/example_dags/plugins/decreasing_priority_weight_strategy.py for tasks to queue
[2026-07-23T02:13:03.462+0000] {logging_mixin.py:188} INFO - [2026-07-23T02:13:03.462+0000] {dagbag.py:545} INFO - Filling up the DagBag from /home/airflow/.local/lib/python3.9/site-packages/airflow/example_dags/plugins/decreasing_priority_weight_strategy.py
[2026-07-23T02:13:03.467+0000] {processor.py:842} WARNING - No viable dags retrieved from /home/airflow/.local/lib/python3.9/site-packages/airflow/example_dags/plugins/decreasing_priority_weight_strategy.py
[2026-07-23T02:13:03.502+0000] {processor.py:183} INFO - Processing /home/airflow/.local/lib/python3.9/site-packages/airflow/example_dags/plugins/decreasing_priority_weight_strategy.py took 0.061 seconds
[2026-07-23T02:13:33.769+0000] {processor.py:161} INFO - Started process (PID=5302) to work on /home/airflow/.local/lib/python3.9/site-packages/airflow/example_dags/plugins/decreasing_priority_weight_strategy.py
[2026-07-23T02:13:33.771+0000] {processor.py:830} INFO - Processing file /home/airflow/.local/lib/python3.9/site-packages/airflow/example_dags/plugins/decreasing_priority_weight_strategy.py for tasks to queue
[2026-07-23T02:13:33.773+0000] {logging_mixin.py:188} INFO - [2026-07-23T02:13:33.773+0000] {dagbag.py:545} INFO - Filling up the DagBag from /home/airflow/.local/lib/python3.9/site-packages/airflow/example_dags/plugins/decreasing_priority_weight_strategy.py
[2026-07-23T02:13:33.778+0000] {processor.py:842} WARNING - No viable dags retrieved from /home/airflow/.local/lib/python3.9/site-packages/airflow/example_dags/plugins/decreasing_priority_weight_strategy.py
[2026-07-23T02:13:33.811+0000] {processor.py:183} INFO - Processing /home/airflow/.local/lib/python3.9/site-packages/airflow/example_dags/plugins/decreasing_priority_weight_strategy.py took 0.054 seconds
[2026-07-23T02:14:04.283+0000] {processor.py:161} INFO - Started process (PID=5369) to work on /home/airflow/.local/lib/python3.9/site-packages/airflow/example_dags/plugins/decreasing_priority_weight_strategy.py
[2026-07-23T02:14:04.285+0000] {processor.py:830} INFO - Processing file /home/airflow/.local/lib/python3.9/site-packages/airflow/example_dags/plugins/decreasing_priority_weight_strategy.py for tasks to queue
[2026-07-23T02:14:04.288+0000] {logging_mixin.py:188} INFO - [2026-07-23T02:14:04.288+0000] {dagbag.py:545} INFO - Filling up the DagBag from /home/airflow/.local/lib/python3.9/site-packages/airflow/example_dags/plugins/decreasing_priority_weight_strategy.py
[2026-07-23T02:14:04.295+0000] {processor.py:842} WARNING - No viable dags retrieved from /home/airflow/.local/lib/python3.9/site-packages/airflow/example_dags/plugins/decreasing_priority_weight_strategy.py
[2026-07-23T02:14:04.327+0000] {processor.py:183} INFO - Processing /home/airflow/.local/lib/python3.9/site-packages/airflow/example_dags/plugins/decreasing_priority_weight_strategy.py took 0.057 seconds
[2026-07-23T02:14:35.149+0000] {processor.py:161} INFO - Started process (PID=5438) to work on /home/airflow/.local/lib/python3.9/site-packages/airflow/example_dags/plugins/decreasing_priority_weight_strategy.py
[2026-07-23T02:14:35.151+0000] {processor.py:830} INFO - Processing file /home/airflow/.local/lib/python3.9/site-packages/airflow/example_dags/plugins/decreasing_priority_weight_strategy.py for tasks to queue
[2026-07-23T02:14:35.156+0000] {logging_mixin.py:188} INFO - [2026-07-23T02:14:35.155+0000] {dagbag.py:545} INFO - Filling up the DagBag from /home/airflow/.local/lib/python3.9/site-packages/airflow/example_dags/plugins/decreasing_priority_weight_strategy.py
[2026-07-23T02:14:35.160+0000] {processor.py:842} WARNING - No viable dags retrieved from /home/airflow/.local/lib/python3.9/site-packages/airflow/example_dags/plugins/decreasing_priority_weight_strategy.py
[2026-07-23T02:14:35.188+0000] {processor.py:183} INFO - Processing /home/airflow/.local/lib/python3.9/site-packages/airflow/example_dags/plugins/decreasing_priority_weight_strategy.py took 0.050 seconds
[2026-07-23T02:15:06.429+0000] {processor.py:161} INFO - Started process (PID=5505) to work on /home/airflow/.local/lib/python3.9/site-packages/airflow/example_dags/plugins/decreasing_priority_weight_strategy.py
[2026-07-23T02:15:06.431+0000] {processor.py:830} INFO - Processing file /home/airflow/.local/lib/python3.9/site-packages/airflow/example_dags/plugins/decreasing_priority_weight_strategy.py for tasks to queue
[2026-07-23T02:15:06.438+0000] {logging_mixin.py:188} INFO - [2026-07-23T02:15:06.438+0000] {dagbag.py:545} INFO - Filling up the DagBag from /home/airflow/.local/lib/python3.9/site-packages/airflow/example_dags/plugins/decreasing_priority_weight_strategy.py
[2026-07-23T02:15:06.442+0000] {processor.py:842} WARNING - No viable dags retrieved from /home/airflow/.local/lib/python3.9/site-packages/airflow/example_dags/plugins/decreasing_priority_weight_strategy.py
[2026-07-23T02:15:06.468+0000] {processor.py:183} INFO - Processing /home/airflow/.local/lib/python3.9/site-packages/airflow/example_dags/plugins/decreasing_priority_weight_strategy.py took 0.050 seconds
[2026-07-23T02:15:37.233+0000] {processor.py:161} INFO - Started process (PID=5572) to work on /home/airflow/.local/lib/python3.9/site-packages/airflow/example_dags/plugins/decreasing_priority_weight_strategy.py
[2026-07-23T02:15:37.235+0000] {processor.py:830} INFO - Processing file /home/airflow/.local/lib/python3.9/site-packages/airflow/example_dags/plugins/decreasing_priority_weight_strategy.py for tasks to queue
[2026-07-23T02:15:37.239+0000] {logging_mixin.py:188} INFO - [2026-07-23T02:15:37.238+0000] {dagbag.py:545} INFO - Filling up the DagBag from /home/airflow/.local/lib/python3.9/site-packages/airflow/example_dags/plugins/decreasing_priority_weight_strategy.py
[2026-07-23T02:15:37.242+0000] {processor.py:842} WARNING - No viable dags retrieved from /home/airflow/.local/lib/python3.9/site-packages/airflow/example_dags/plugins/decreasing_priority_weight_strategy.py
[2026-07-23T02:15:37.268+0000] {processor.py:183} INFO - Processing /home/airflow/.local/lib/python3.9/site-packages/airflow/example_dags/plugins/decreasing_priority_weight_strategy.py took 0.046 seconds
[2026-07-23T02:16:08.297+0000] {processor.py:161} INFO - Started process (PID=5646) to work on /home/airflow/.local/lib/python3.9/site-packages/airflow/example_dags/plugins/decreasing_priority_weight_strategy.py
[2026-07-23T02:16:08.300+0000] {processor.py:830} INFO - Processing file /home/airflow/.local/lib/python3.9/site-packages/airflow/example_dags/plugins/decreasing_priority_weight_strategy.py for tasks to queue
[2026-07-23T02:16:08.305+0000] {logging_mixin.py:188} INFO - [2026-07-23T02:16:08.304+0000] {dagbag.py:545} INFO - Filling up the DagBag from /home/airflow/.local/lib/python3.9/site-packages/airflow/example_dags/plugins/decreasing_priority_weight_strategy.py
[2026-07-23T02:16:08.317+0000] {processor.py:842} WARNING - No viable dags retrieved from /home/airflow/.local/lib/python3.9/site-packages/airflow/example_dags/plugins/decreasing_priority_weight_strategy.py
[2026-07-23T02:16:08.397+0000] {processor.py:183} INFO - Processing /home/airflow/.local/lib/python3.9/site-packages/airflow/example_dags/plugins/decreasing_priority_weight_strategy.py took 0.137 seconds
[2026-07-23T02:16:38.962+0000] {processor.py:161} INFO - Started process (PID=5713) to work on /home/airflow/.local/lib/python3.9/site-packages/airflow/example_dags/plugins/decreasing_priority_weight_strategy.py
[2026-07-23T02:16:38.964+0000] {processor.py:830} INFO - Processing file /home/airflow/.local/lib/python3.9/site-packages/airflow/example_dags/plugins/decreasing_priority_weight_strategy.py for tasks to queue
[2026-07-23T02:16:38.968+0000] {logging_mixin.py:188} INFO - [2026-07-23T02:16:38.968+0000] {dagbag.py:545} INFO - Filling up the DagBag from /home/airflow/.local/lib/python3.9/site-packages/airflow/example_dags/plugins/decreasing_priority_weight_strategy.py
[2026-07-23T02:16:38.977+0000] {processor.py:842} WARNING - No viable dags retrieved from /home/airflow/.local/lib/python3.9/site-packages/airflow/example_dags/plugins/decreasing_priority_weight_strategy.py
[2026-07-23T02:16:39.022+0000] {processor.py:183} INFO - Processing /home/airflow/.local/lib/python3.9/site-packages/airflow/example_dags/plugins/decreasing_priority_weight_strategy.py took 0.081 seconds
[2026-07-23T02:17:09.679+0000] {processor.py:161} INFO - Started process (PID=5780) to work on /home/airflow/.local/lib/python3.9/site-packages/airflow/example_dags/plugins/decreasing_priority_weight_strategy.py
[2026-07-23T02:17:09.681+0000] {processor.py:830} INFO - Processing file /home/airflow/.local/lib/python3.9/site-packages/airflow/example_dags/plugins/decreasing_priority_weight_strategy.py for tasks to queue
[2026-07-23T02:17:09.685+0000] {logging_mixin.py:188} INFO - [2026-07-23T02:17:09.684+0000] {dagbag.py:545} INFO - Filling up the DagBag from /home/airflow/.local/lib/python3.9/site-packages/airflow/example_dags/plugins/decreasing_priority_weight_strategy.py
[2026-07-23T02:17:09.695+0000] {processor.py:842} WARNING - No viable dags retrieved from /home/airflow/.local/lib/python3.9/site-packages/airflow/example_dags/plugins/decreasing_priority_weight_strategy.py
[2026-07-23T02:17:09.728+0000] {processor.py:183} INFO - Processing /home/airflow/.local/lib/python3.9/site-packages/airflow/example_dags/plugins/decreasing_priority_weight_strategy.py took 0.065 seconds
